MPASM  5.43                          MAIN.ASM   1-6-2012  12:21:27         PAGE  1


LOC  OBJECT CODE     LINE SOURCE TEXT
  VALUE

                      00001         ;       Foot Sensor Assy Test Program
                      00002         ;               Written by Shion Watanabe
                      00003         ;                       Approved by Toshiyuki Takeda
                      00004         ;                               Siska Tech Lab. - 2012/01/04
                      00005 
                      00006         LIST    P=PIC16F887
                      00007         INCLUDE "P16F887.INC"
                      00001         LIST
                      00002 
                      00003 ;==========================================================================
                      00004 ;  MPASM PIC16F887 processor include
                      00005 ; 
                      00006 ;  (c) Copyright 1999-2011 Microchip Technology, All rights reserved
                      00007 ;==========================================================================
                      00008 
                      00805         LIST
                      00008 
  00000020            00009 TEMP            EQU             020h
  00000021            00010 CHTEMP          EQU             021h
  00000022            00011 CHCOUNTER       EQU             022h
  00000023            00012 ADBUFFER        EQU             023h
  00000031            00013 MaxChRow        EQU             B'00110001' ; 50ch
  0000000E            00014 MaxChCol        EQU             B'00001110' ; 14ch
                      00015 
                      00016         ; Initialize...
                      00017         ORG             0
                      00018 
                      00019         ; Set Buffer Pointer Address
0000   3023           00020         MOVLW   ADBUFFER
0001   0084           00021         MOVWF   FSR
                      00022 
                      00023         ; Switch to Bank 3
0002   1683           00024         BSF             STATUS, RP0
0003   1703           00025         BSF             STATUS, RP1
                      00026 
                      00027         ; Set all ADCs to active
0004   30FF           00028         MOVLW   B'11111111'
Message[302]: Register in operand not in bank 0.  Ensure that bank bits are correct.
0005   0088           00029         MOVWF   ANSEL
Message[302]: Register in operand not in bank 0.  Ensure that bank bits are correct.
0006   0089           00030         MOVWF   ANSELH
                      00031 
                      00032         ; Switch to Bank 1
0007   1303           00033         BCF             STATUS, RP1
                      00034 
                      00035         ; Set AD Converter to Right Justified
0008   3080           00036         MOVLW   B'10000000'
Message[302]: Register in operand not in bank 0.  Ensure that bank bits are correct.
0009   009F           00037         MOVWF   ADCON1
                      00038 
                      00039         ; Set Digital output is disable
000A   30FF           00040         MOVLW   B'11111111'
Message[302]: Register in operand not in bank 0.  Ensure that bank bits are correct.
MPASM  5.43                          MAIN.ASM   1-6-2012  12:21:27         PAGE  2


LOC  OBJECT CODE     LINE SOURCE TEXT
  VALUE

000B   0085           00041         MOVWF   TRISA
Message[302]: Register in operand not in bank 0.  Ensure that bank bits are correct.
000C   0086           00042         MOVWF   TRISB
Message[302]: Register in operand not in bank 0.  Ensure that bank bits are correct.
000D   0089           00043         MOVWF   TRISE
                      00044 
                      00045         ; Set Digital output is enable
000E   3080           00046         MOVLW   B'10000000'
Message[302]: Register in operand not in bank 0.  Ensure that bank bits are correct.
000F   0087           00047         MOVWF   TRISC
0010   3000           00048         MOVLW   B'00000000'
Message[302]: Register in operand not in bank 0.  Ensure that bank bits are correct.
0011   0088           00049         MOVWF   TRISD
                      00050 
                      00051         ; Settings up to Serial Communications
                      00052         ; This program will drived at 20MHz clock speed
                      00053         ; and baud rate is high speed (19200bps)
                      00054         ;MOVLW  B'00100000'
                      00055         ; ...or you can choose very high speed (115200bps)
0012   3024           00056         MOVLW   B'00100100'
Message[302]: Register in operand not in bank 0.  Ensure that bank bits are correct.
0013   0098           00057         MOVWF   TXSTA
                      00058 
                      00059         ; Set baud rate is 19200bps
                      00060         ; MOVLW D'15'
                      00061         ; Set baud rate is 115200bps
0014   300A           00062         MOVLW   D'10'
Message[302]: Register in operand not in bank 0.  Ensure that bank bits are correct.
0015   0099           00063         MOVWF   SPBRG
                      00064 
                      00065         ; Switch to Bank 0
0016   1283           00066         BCF             STATUS, RP0
                      00067 
0017   3090           00068         MOVLW   B'10010000'
0018   0098           00069         MOVWF   RCSTA
                      00070 
                      00071         ; Clear All Ports
0019   0185           00072         CLRF    PORTA
001A   0186           00073         CLRF    PORTB
001B   0187           00074         CLRF    PORTC
001C   0188           00075         CLRF    PORTD
001D   0189           00076         CLRF    PORTE
                      00077 
001E                  00078 SRHIGH
                      00079 
                      00080         ; Input High to Shift Register
001E   3012           00081         MOVLW   b'00010010'
001F   0088           00082         MOVWF   PORTD
                      00083 
0020   3031           00084         MOVLW   MaxChRow
0021   00A0           00085         MOVWF   TEMP
                      00086 
0022                  00087 LOOP
MPASM  5.43                          MAIN.ASM   1-6-2012  12:21:27         PAGE  3


LOC  OBJECT CODE     LINE SOURCE TEXT
  VALUE

                      00088 
                      00089         ; Sending Clock
0022   3011           00090         MOVLW   b'00010001'
0023   0088           00091         MOVWF   PORTD
                      00092 
0024   3000           00093         MOVLW   b'00000000'
0025   0088           00094         MOVWF   PORTD
                      00095 
                      00096         ; Channel Select Initialize
0026   3081           00097         MOVLW   B'10000001'
0027   00A1           00098         MOVWF   CHTEMP
                      00099 
0028   300E           00100         MOVLW   MaxChCol
0029   00A2           00101         MOVWF   CHCOUNTER
                      00102 
002A                  00103 AD_CONVERTION
                      00104         ; Set AD Convertion Channel
002A   0821           00105         MOVF    CHTEMP,W
002B   009F           00106         MOVWF   ADCON0
                      00107 
                      00108         ; Select Next Channel
002C   3E04           00109         ADDLW   B'100'
002D   00A1           00110         MOVWF   CHTEMP
                      00111 
                      00112         ; Start AD convertion
002E   149F           00113         BSF     ADCON0,GO
                      00114 
                      00115         ; Waiting AD Result
002F                  00116 AD_WAIT
002F   189F           00117         BTFSC   ADCON0,GO
0030   2???           00118         GOTO    AD_WAIT
                      00119 
0031   0180           00120         CLRF    INDF
0032   0A84           00121         INCF    FSR,F
0033   0180           00122         CLRF    INDF
0034   0A84           00123         INCF    FSR,F
0035   0180           00124         CLRF    INDF
0036   0A84           00125         INCF    FSR,F
0037   0180           00126         CLRF    INDF
0038   0A84           00127         INCF    FSR,F
0039   0180           00128         CLRF    INDF
003A   0384           00129         DECF    FSR,F
                      00130 
003B   1683           00131         BSF     STATUS,RP0
                      00132 
003C   0103           00133         CLRW
Message[302]: Register in operand not in bank 0.  Ensure that bank bits are correct.
003D   181E           00134         BTFSC   ADRESL,0
003E   3001           00135         MOVLW   d'1'
                      00136 
003F   1283           00137         BCF     STATUS,RP0
0040   0780           00138         ADDWF   INDF,F
0041   1683           00139         BSF     STATUS,RP0
MPASM  5.43                          MAIN.ASM   1-6-2012  12:21:27         PAGE  4


LOC  OBJECT CODE     LINE SOURCE TEXT
  VALUE

                      00140 
0042   0103           00141         CLRW
Message[302]: Register in operand not in bank 0.  Ensure that bank bits are correct.
0043   189E           00142         BTFSC   ADRESL,1
0044   3002           00143         MOVLW   d'2'
                      00144 
0045   1283           00145         BCF     STATUS,RP0
0046   0780           00146         ADDWF   INDF,F
0047   1683           00147         BSF     STATUS,RP0
                      00148 
0048   0103           00149         CLRW
Message[302]: Register in operand not in bank 0.  Ensure that bank bits are correct.
0049   191E           00150         BTFSC   ADRESL,2
004A   3004           00151         MOVLW   d'4'
                      00152 
004B   1283           00153         BCF     STATUS,RP0
004C   0780           00154         ADDWF   INDF,F
004D   1683           00155         BSF     STATUS,RP0
                      00156 
004E   0103           00157         CLRW
Message[302]: Register in operand not in bank 0.  Ensure that bank bits are correct.
004F   199E           00158         BTFSC   ADRESL,3
0050   3008           00159         MOVLW   d'8'
                      00160 
0051   1283           00161         BCF     STATUS,RP0
0052   0780           00162         ADDWF   INDF,F
0053   0384           00163         DECF    FSR,F
0054   1683           00164         BSF     STATUS,RP0
                      00165 
0055   0103           00166         CLRW
Message[302]: Register in operand not in bank 0.  Ensure that bank bits are correct.
0056   1A1E           00167         BTFSC   ADRESL,4
0057   3001           00168         MOVLW   d'1'
                      00169 
0058   1283           00170         BCF     STATUS,RP0
0059   0780           00171         ADDWF   INDF,F
005A   0A84           00172         INCF    FSR,F
005B   1683           00173         BSF     STATUS,RP0
                      00174 
005C   0103           00175         CLRW
Message[302]: Register in operand not in bank 0.  Ensure that bank bits are correct.
005D   1A1E           00176         BTFSC   ADRESL,4
005E   3006           00177         MOVLW   d'6'
                      00178 
005F   1283           00179         BCF     STATUS,RP0
0060   0780           00180         ADDWF   INDF,F
0061   1683           00181         BSF     STATUS,RP0
                      00182 
0062   0103           00183         CLRW
Message[302]: Register in operand not in bank 0.  Ensure that bank bits are correct.
0063   1A9E           00184         BTFSC   ADRESL,5
0064   3002           00185         MOVLW   d'2'
                      00186 
MPASM  5.43                          MAIN.ASM   1-6-2012  12:21:27         PAGE  5


LOC  OBJECT CODE     LINE SOURCE TEXT
  VALUE

0065   1283           00187         BCF     STATUS,RP0
0066   0780           00188         ADDWF   INDF,F
0067   0384           00189         DECF    FSR,F
0068   1683           00190         BSF     STATUS,RP0
                      00191 
0069   0103           00192         CLRW
Message[302]: Register in operand not in bank 0.  Ensure that bank bits are correct.
006A   1A9E           00193         BTFSC   ADRESL,5
006B   3003           00194         MOVLW   d'3'
                      00195 
006C   1283           00196         BCF     STATUS,RP0
006D   0780           00197         ADDWF   INDF,F
006E   1683           00198         BSF     STATUS,RP0
                      00199 
006F   0103           00200         CLRW
Message[302]: Register in operand not in bank 0.  Ensure that bank bits are correct.
0070   1B1E           00201         BTFSC   ADRESL,6
0071   3006           00202         MOVLW   d'6'
                      00203 
0072   1283           00204         BCF     STATUS,RP0
0073   0780           00205         ADDWF   INDF,F
0074   0A84           00206         INCF    FSR,F
0075   1683           00207         BSF     STATUS,RP0
                      00208 
0076   0103           00209         CLRW
Message[302]: Register in operand not in bank 0.  Ensure that bank bits are correct.
0077   1B1E           00210         BTFSC   ADRESL,6
0078   3004           00211         MOVLW   d'4'
                      00212 
0079   1283           00213         BCF     STATUS,RP0
007A   0780           00214         ADDWF   INDF,F
007B   1683           00215         BSF     STATUS,RP0
                      00216 
007C   0103           00217         CLRW
Message[302]: Register in operand not in bank 0.  Ensure that bank bits are correct.
007D   1B9E           00218         BTFSC   ADRESL,7
007E   3008           00219         MOVLW   d'8'
                      00220 
007F   1283           00221         BCF     STATUS,RP0
0080   0780           00222         ADDWF   INDF,F
0081   0384           00223         DECF    FSR,F
0082   1683           00224         BSF     STATUS,RP0
                      00225 
0083   0103           00226         CLRW
Message[302]: Register in operand not in bank 0.  Ensure that bank bits are correct.
0084   1B9E           00227         BTFSC   ADRESL,7
0085   3002           00228         MOVLW   d'2'
                      00229 
0086   1283           00230         BCF     STATUS,RP0
0087   0780           00231         ADDWF   INDF,F
0088   0384           00232         DECF    FSR,F
0089   1683           00233         BSF     STATUS,RP0
                      00234 
MPASM  5.43                          MAIN.ASM   1-6-2012  12:21:27         PAGE  6


LOC  OBJECT CODE     LINE SOURCE TEXT
  VALUE

008A   0103           00235         CLRW
Message[302]: Register in operand not in bank 0.  Ensure that bank bits are correct.
008B   1B9E           00236         BTFSC   ADRESL,7
008C   3001           00237         MOVLW   d'1'
                      00238 
008D   1283           00239         BCF     STATUS,RP0
008E   0780           00240         ADDWF   INDF,F
                      00241 
008F   0103           00242         CLRW
0090   181E           00243         BTFSC   ADRESH,0
0091   3002           00244         MOVLW   d'2'
                      00245 
0092   0780           00246         ADDWF   INDF,F
0093   0A84           00247         INCF    FSR,F
                      00248 
0094   0103           00249         CLRW
0095   181E           00250         BTFSC   ADRESH,0
0096   3005           00251         MOVLW   d'5'
                      00252 
0097   0780           00253         ADDWF   INDF,F
0098   0A84           00254         INCF    FSR,F
                      00255 
0099   0103           00256         CLRW
009A   181E           00257         BTFSC   ADRESH,0
009B   3006           00258         MOVLW   d'6'
                      00259 
009C   0780           00260         ADDWF   INDF,F
                      00261 
009D   0103           00262         CLRW
009E   181E           00263         BTFSC   ADRESH,0
009F   3002           00264         MOVLW   d'2'
                      00265 
00A0   0780           00266         ADDWF   INDF,F
00A1   0384           00267         DECF    FSR,F
                      00268 
00A2   0103           00269         CLRW
00A3   181E           00270         BTFSC   ADRESH,0
00A4   3001           00271         MOVLW   d'1'
                      00272 
00A5   0780           00273         ADDWF   INDF,F
00A6   0384           00274         DECF    FSR,F
                      00275 
00A7   0103           00276         CLRW
00A8   181E           00277         BTFSC   ADRESH,0
00A9   3005           00278         MOVLW   d'5'
                      00279 
00AA   0780           00280         ADDWF   INDF,F
                      00281 
                      00282 ;--------------------------------------------------------------------------------
                      00283 
00AB   300A           00284         MOVLW   d'10'
00AC   0A84           00285         INCF    FSR,F
                      00286 
MPASM  5.43                          MAIN.ASM   1-6-2012  12:21:27         PAGE  7


LOC  OBJECT CODE     LINE SOURCE TEXT
  VALUE

00AD                  00287 First
00AD   0A84           00288         INCF    FSR,F
00AE   0280           00289         SUBWF   INDF,F
00AF   0384           00290         DECF    FSR,F
00B0   0A80           00291         INCF    INDF,F
00B1   1803           00292         BTFSC   STATUS,C
00B2   2???           00293         GOTO    First
                      00294 
00B3   0380           00295         DECF    INDF,F
00B4   0A84           00296         INCF    FSR,F
00B5   0780           00297         ADDWF   INDF,F
00B6   0384           00298         DECF    FSR,F
                      00299 
00B7                  00300 Second
00B7   0A84           00301         INCF    FSR,F
00B8   0280           00302         SUBWF   INDF,F
00B9   0384           00303         DECF    FSR,F
00BA   0A80           00304         INCF    INDF,F
00BB   1803           00305         BTFSC   STATUS,C
00BC   2???           00306         GOTO    Second
                      00307 
00BD   0380           00308         DECF    INDF,F
00BE   0A84           00309         INCF    FSR,F
00BF   0780           00310         ADDWF   INDF,F
00C0   0384           00311         DECF    FSR,F
                      00312 
00C1   0384           00313         DECF    FSR,F
                      00314 
00C2                  00315 Third
00C2   0A84           00316         INCF    FSR,F
00C3   0280           00317         SUBWF   INDF,F
00C4   0384           00318         DECF    FSR,F
00C5   0A80           00319         INCF    INDF,F
00C6   1803           00320         BTFSC   STATUS,C
00C7   2???           00321         GOTO    Third
                      00322 
00C8   0380           00323         DECF    INDF,F
00C9   0A84           00324         INCF    FSR,F
00CA   0780           00325         ADDWF   INDF,F
00CB   0384           00326         DECF    FSR,F
                      00327 
00CC   0384           00328         DECF    FSR,F
                      00329 
00CD                  00330 Fourth
00CD   0A84           00331         INCF    FSR,F
00CE   0280           00332         SUBWF   INDF,F
00CF   0384           00333         DECF    FSR,F
00D0   0A80           00334         INCF    INDF,F
00D1   1803           00335         BTFSC   STATUS,C
00D2   2???           00336         GOTO    Fourth
                      00337 
00D3   0380           00338         DECF    INDF,F
00D4   0A84           00339         INCF    FSR,F
MPASM  5.43                          MAIN.ASM   1-6-2012  12:21:27         PAGE  8


LOC  OBJECT CODE     LINE SOURCE TEXT
  VALUE

00D5   0780           00340         ADDWF   INDF,F
00D6   0384           00341         DECF    FSR,F
                      00342 
00D7   3030           00343         MOVLW   b'00110000'
00D8   0780           00344         ADDWF   INDF,F
                      00345 
00D9   0A84           00346         INCF    FSR,F
00DA   0780           00347         ADDWF   INDF,F
                      00348 
00DB   0A84           00349         INCF    FSR,F
00DC   0780           00350         ADDWF   INDF,F
                      00351 
00DD   0A84           00352         INCF    FSR,F
00DE   0780           00353         ADDWF   INDF,F
                      00354 
00DF   0A84           00355         INCF    FSR,F
                      00356 
00E0   302C           00357         MOVLW   02Ch    ; ','
00E1   0080           00358         MOVWF   INDF
                      00359 
00E2   0A84           00360         INCF    FSR,F
                      00361 
                      00362         ; Switch to Bank 1 & Copy Result Lower Bytes
                      00363         ;BSF    STATUS, RP0
                      00364         ;MOVF   ADRESL,W
                      00365 
                      00366         ; Switch to Bank 0 & Copy Result to Buffer
                      00367         ;BCF    STATUS, RP0
                      00368         ;MOVWF  INDF
                      00369 
                      00370         ; Increment Indirect Address Pointer
                      00371         ;INCF   FSR,F
                      00372 
                      00373         ; Copy Result Upper Bytes to Buffer
                      00374         ;MOVF   ADRESH,W
                      00375         ;MOVWF  INDF
                      00376 
                      00377         ; Increment Indirect Address Pointer
                      00378         ;INCF   FSR,F
                      00379 
                      00380         ; Dec AD Channel Counting
Message[305]: Using default destination of 1 (file).
00E3   0BA2           00381         DECFSZ  CHCOUNTER
00E4   2???           00382         GOTO AD_CONVERTION
                      00383 
00E5   0384           00384         DECF    FSR,F
00E6   3040           00385         MOVLW   040h    ; '@'
00E7   0080           00386         MOVWF   INDF
                      00387 
                      00388         ; Reset Pointer
00E8   3023           00389         MOVLW   ADBUFFER
00E9   0084           00390         MOVWF   FSR
                      00391 
MPASM  5.43                          MAIN.ASM   1-6-2012  12:21:27         PAGE  9


LOC  OBJECT CODE     LINE SOURCE TEXT
  VALUE

                      00392         ; Reset Sending Data Counter
00EA   300E           00393         MOVLW   MaxChCol
00EB   3E0E           00394         ADDLW   MaxChCol
00EC   3E0E           00395         ADDLW   MaxChCol
00ED   3E0E           00396         ADDLW   MaxChCol
00EE   3E0E           00397         ADDLW   MaxChCol
00EF   00A2           00398         MOVWF   CHCOUNTER
                      00399 
00F0                  00400 SEND_BLOCK
                      00401         ; Switch to Bank 1
00F0   1683           00402         BSF             STATUS,RP0
                      00403 
00F1                  00404 SEND_WAIT
                      00405         ; Check Ready
Message[302]: Register in operand not in bank 0.  Ensure that bank bits are correct.
00F1   1C98           00406         BTFSS   TXSTA,TRMT
00F2   2???           00407         GOTO    SEND_WAIT
                      00408 
                      00409         ; Switch to Bank 0
00F3   1283           00410         BCF             STATUS,RP0
                      00411 
                      00412         ; Get AD Result Data & Sending
00F4   0800           00413         MOVF    INDF,W
00F5   0099           00414         MOVWF   TXREG
                      00415 
                      00416         ; In step to next pointer
00F6   0A84           00417         INCF    FSR,F
Message[305]: Using default destination of 1 (file).
00F7   0BA2           00418         DECFSZ  CHCOUNTER
00F8   2???           00419         GOTO SEND_BLOCK
                      00420 
                      00421         ; Reset Pointer
00F9   3023           00422         MOVLW   ADBUFFER
00FA   0084           00423         MOVWF   FSR
                      00424 
                      00425         ; Dec Counter
00FB   0BA0           00426         DECFSZ  TEMP,F
                      00427 
00FC   2???           00428 .       GOTO LOOP
00FD   2???           00429         GOTO SRHIGH
                      00430 
                      00431         END
MPASM  5.43                          MAIN.ASM   1-6-2012  12:21:27         PAGE 10


SYMBOL TABLE
  LABEL                             VALUE 

.                                 000000FC
ABDEN                             00000000
ABDOVF                            00000007
ACKDT                             00000005
ACKEN                             00000004
ACKSTAT                           00000006
ADBUFFER                          00000023
ADCON0                            0000001F
ADCON1                            0000009F
ADCS0                             00000006
ADCS1                             00000007
ADDEN                             00000003
ADFM                              00000007
ADIE                              00000006
ADIF                              00000006
ADON                              00000000
ADRESH                            0000001E
ADRESL                            0000009E
AD_CONVERTION                     0000002A
AD_WAIT                           0000002F
ANS0                              00000000
ANS1                              00000001
ANS10                             00000002
ANS11                             00000003
ANS12                             00000004
ANS13                             00000005
ANS2                              00000002
ANS3                              00000003
ANS4                              00000004
ANS5                              00000005
ANS6                              00000006
ANS7                              00000007
ANS8                              00000000
ANS9                              00000001
ANSEL                             00000188
ANSELH                            00000189
BAUDCTL                           00000187
BCLIE                             00000003
BCLIF                             00000003
BF                                00000000
BRG0                              00000000
BRG1                              00000001
BRG10                             00000002
BRG11                             00000003
BRG12                             00000004
BRG13                             00000005
BRG14                             00000006
BRG15                             00000007
BRG16                             00000003
BRG2                              00000002
BRG3                              00000003
BRG4                              00000004
BRG5                              00000005
MPASM  5.43                          MAIN.ASM   1-6-2012  12:21:27         PAGE 11


SYMBOL TABLE
  LABEL                             VALUE 

BRG6                              00000006
BRG7                              00000007
BRG8                              00000000
BRG9                              00000001
BRGH                              00000002
C                                 00000000
C1CH0                             00000000
C1CH1                             00000001
C1IE                              00000005
C1IF                              00000005
C1OE                              00000005
C1ON                              00000007
C1OUT                             00000006
C1POL                             00000004
C1R                               00000002
C1RSEL                            00000005
C1SEN                             00000005
C2CH0                             00000000
C2CH1                             00000001
C2IE                              00000006
C2IF                              00000006
C2OE                              00000005
C2ON                              00000007
C2OUT                             00000006
C2POL                             00000004
C2R                               00000002
C2REN                             00000004
C2RSEL                            00000004
C2SYNC                            00000000
CCP1CON                           00000017
CCP1IE                            00000002
CCP1IF                            00000002
CCP1M0                            00000000
CCP1M1                            00000001
CCP1M2                            00000002
CCP1M3                            00000003
CCP1X                             00000005
CCP1Y                             00000004
CCP2CON                           0000001D
CCP2IE                            00000000
CCP2IF                            00000000
CCP2M0                            00000000
CCP2M1                            00000001
CCP2M2                            00000002
CCP2M3                            00000003
CCP2X                             00000005
CCP2Y                             00000004
CCPR1H                            00000016
CCPR1L                            00000015
CCPR2H                            0000001C
CCPR2L                            0000001B
CHCOUNTER                         00000022
CHS0                              00000002
MPASM  5.43                          MAIN.ASM   1-6-2012  12:21:27         PAGE 12


SYMBOL TABLE
  LABEL                             VALUE 

CHS1                              00000003
CHS2                              00000004
CHS3                              00000005
CHTEMP                            00000021
CKE                               00000006
CKP                               00000004
CM1CON0                           00000107
CM2CON0                           00000108
CM2CON1                           00000109
CREN                              00000004
CSRC                              00000007
D                                 00000005
DATA_ADDRESS                      00000005
DC                                00000001
DC1B0                             00000004
DC1B1                             00000005
DC2B0                             00000004
DC2B1                             00000005
D_A                               00000005
D_NOT_A                           00000005
ECCPAS                            0000009C
ECCPAS0                           00000004
ECCPAS1                           00000005
ECCPAS2                           00000006
ECCPASE                           00000007
EEADR                             0000010D
EEADRH                            0000010F
EECON1                            0000018C
EECON2                            0000018D
EEDAT                             0000010C
EEDATA                            0000010C
EEDATH                            0000010E
EEIE                              00000004
EEIF                              00000004
EEPGD                             00000007
F                                 00000001
FERR                              00000002
FSR                               00000004
FVREN                             00000000
First                             000000AD
Fourth                            000000CD
GCEN                              00000007
GIE                               00000007
GO                                00000001
GO_DONE                           00000001
GO_NOT_DONE                       00000001
HTS                               00000002
I2C_DATA                          00000005
I2C_READ                          00000002
I2C_START                         00000003
I2C_STOP                          00000004
INDF                              00000000
INTCON                            0000000B
MPASM  5.43                          MAIN.ASM   1-6-2012  12:21:27         PAGE 13


SYMBOL TABLE
  LABEL                             VALUE 

INTE                              00000004
INTEDG                            00000006
INTF                              00000001
IOCB                              00000096
IOCB0                             00000000
IOCB1                             00000001
IOCB2                             00000002
IOCB3                             00000003
IOCB4                             00000004
IOCB5                             00000005
IOCB6                             00000006
IOCB7                             00000007
IRCF0                             00000004
IRCF1                             00000005
IRCF2                             00000006
IRP                               00000007
LOOP                              00000022
LTS                               00000001
MC1OUT                            00000007
MC2OUT                            00000006
MSK                               00000093
MSK0                              00000000
MSK1                              00000001
MSK2                              00000002
MSK3                              00000003
MSK4                              00000004
MSK5                              00000005
MSK6                              00000006
MSK7                              00000007
MaxChCol                          0000000E
MaxChRow                          00000031
NOT_A                             00000005
NOT_ADDRESS                       00000005
NOT_BO                            00000000
NOT_BOR                           00000000
NOT_DONE                          00000001
NOT_PD                            00000003
NOT_POR                           00000001
NOT_RBPU                          00000007
NOT_RC8                           00000006
NOT_T1SYNC                        00000002
NOT_TO                            00000004
NOT_TX8                           00000006
NOT_W                             00000002
NOT_WRITE                         00000002
OERR                              00000001
OPTION_REG                        00000081
OSCCON                            0000008F
OSCTUNE                           00000090
OSFIE                             00000007
OSFIF                             00000007
OSTS                              00000003
P                                 00000004
MPASM  5.43                          MAIN.ASM   1-6-2012  12:21:27         PAGE 14


SYMBOL TABLE
  LABEL                             VALUE 

P1M0                              00000006
P1M1                              00000007
PCL                               00000002
PCLATH                            0000000A
PCON                              0000008E
PDC0                              00000000
PDC1                              00000001
PDC2                              00000002
PDC3                              00000003
PDC4                              00000004
PDC5                              00000005
PDC6                              00000006
PEIE                              00000006
PEN                               00000002
PIE1                              0000008C
PIE2                              0000008D
PIR1                              0000000C
PIR2                              0000000D
PORTA                             00000005
PORTB                             00000006
PORTC                             00000007
PORTD                             00000008
PORTE                             00000009
PR2                               00000092
PRSEN                             00000007
PS0                               00000000
PS1                               00000001
PS2                               00000002
PSA                               00000003
PSSAC0                            00000002
PSSAC1                            00000003
PSSBD0                            00000000
PSSBD1                            00000001
PSTRCON                           0000009D
PULSR                             00000002
PULSS                             00000003
PWM1CON                           0000009B
R                                 00000002
RA0                               00000000
RA1                               00000001
RA2                               00000002
RA3                               00000003
RA4                               00000004
RA5                               00000005
RA6                               00000006
RA7                               00000007
RB0                               00000000
RB1                               00000001
RB2                               00000002
RB3                               00000003
RB4                               00000004
RB5                               00000005
RB6                               00000006
MPASM  5.43                          MAIN.ASM   1-6-2012  12:21:27         PAGE 15


SYMBOL TABLE
  LABEL                             VALUE 

RB7                               00000007
RBIE                              00000003
RBIF                              00000000
RC0                               00000000
RC1                               00000001
RC2                               00000002
RC3                               00000003
RC4                               00000004
RC5                               00000005
RC6                               00000006
RC7                               00000007
RC8_9                             00000006
RC9                               00000006
RCD8                              00000000
RCEN                              00000003
RCIDL                             00000006
RCIE                              00000005
RCIF                              00000005
RCREG                             0000001A
RCSTA                             00000018
RD                                00000000
RD0                               00000000
RD1                               00000001
RD2                               00000002
RD3                               00000003
RD4                               00000004
RD5                               00000005
RD6                               00000006
RD7                               00000007
RE0                               00000000
RE1                               00000001
RE2                               00000002
RE3                               00000003
READ_WRITE                        00000002
RP0                               00000005
RP1                               00000006
RSEN                              00000001
RX9                               00000006
RX9D                              00000000
R_NOT_W                           00000002
R_W                               00000002
S                                 00000003
SBOREN                            00000004
SCKP                              00000004
SCS                               00000000
SEN                               00000000
SENDB                             00000003
SEND_BLOCK                        000000F0
SEND_WAIT                         000000F1
SMP                               00000007
SPBRG                             00000099
SPBRGH                            0000009A
SPEN                              00000007
MPASM  5.43                          MAIN.ASM   1-6-2012  12:21:27         PAGE 16


SYMBOL TABLE
  LABEL                             VALUE 

SR0                               00000006
SR1                               00000007
SRCON                             00000185
SREN                              00000005
SRHIGH                            0000001E
SSPADD                            00000093
SSPBUF                            00000013
SSPCON                            00000014
SSPCON2                           00000091
SSPEN                             00000005
SSPIE                             00000003
SSPIF                             00000003
SSPM0                             00000000
SSPM1                             00000001
SSPM2                             00000002
SSPM3                             00000003
SSPMSK                            00000093
SSPOV                             00000006
SSPSTAT                           00000094
STATUS                            00000003
STRA                              00000000
STRB                              00000001
STRC                              00000002
STRD                              00000003
STRSYNC                           00000004
SWDTEN                            00000000
SYNC                              00000004
Second                            000000B7
T0CS                              00000005
T0IE                              00000005
T0IF                              00000002
T0SE                              00000004
T1CKPS0                           00000004
T1CKPS1                           00000005
T1CON                             00000010
T1GINV                            00000007
T1GIV                             00000007
T1GSS                             00000001
T1INSYNC                          00000002
T1OSCEN                           00000003
T1SYNC                            00000002
T2CKPS0                           00000000
T2CKPS1                           00000001
T2CON                             00000012
TEMP                              00000020
TMR0                              00000001
TMR0IE                            00000005
TMR0IF                            00000002
TMR1CS                            00000001
TMR1GE                            00000006
TMR1H                             0000000F
TMR1IE                            00000000
TMR1IF                            00000000
MPASM  5.43                          MAIN.ASM   1-6-2012  12:21:27         PAGE 17


SYMBOL TABLE
  LABEL                             VALUE 

TMR1L                             0000000E
TMR1ON                            00000000
TMR2                              00000011
TMR2IE                            00000001
TMR2IF                            00000001
TMR2ON                            00000002
TOUTPS0                           00000003
TOUTPS1                           00000004
TOUTPS2                           00000005
TOUTPS3                           00000006
TRISA                             00000085
TRISA0                            00000000
TRISA1                            00000001
TRISA2                            00000002
TRISA3                            00000003
TRISA4                            00000004
TRISA5                            00000005
TRISA6                            00000006
TRISA7                            00000007
TRISB                             00000086
TRISB0                            00000000
TRISB1                            00000001
TRISB2                            00000002
TRISB3                            00000003
TRISB4                            00000004
TRISB5                            00000005
TRISB6                            00000006
TRISB7                            00000007
TRISC                             00000087
TRISC0                            00000000
TRISC1                            00000001
TRISC2                            00000002
TRISC3                            00000003
TRISC4                            00000004
TRISC5                            00000005
TRISC6                            00000006
TRISC7                            00000007
TRISD                             00000088
TRISD0                            00000000
TRISD1                            00000001
TRISD2                            00000002
TRISD3                            00000003
TRISD4                            00000004
TRISD5                            00000005
TRISD6                            00000006
TRISD7                            00000007
TRISE                             00000089
TRISE0                            00000000
TRISE1                            00000001
TRISE2                            00000002
TRISE3                            00000003
TRMT                              00000001
TUN0                              00000000
MPASM  5.43                          MAIN.ASM   1-6-2012  12:21:27         PAGE 18


SYMBOL TABLE
  LABEL                             VALUE 

TUN1                              00000001
TUN2                              00000002
TUN3                              00000003
TUN4                              00000004
TX8_9                             00000006
TX9                               00000006
TX9D                              00000000
TXD8                              00000000
TXEN                              00000005
TXIE                              00000004
TXIF                              00000004
TXREG                             00000019
TXSTA                             00000098
Third                             000000C2
UA                                00000001
ULPWUE                            00000005
ULPWUIE                           00000002
ULPWUIF                           00000002
VCFG0                             00000004
VCFG1                             00000005
VR0                               00000000
VR1                               00000001
VR2                               00000002
VR3                               00000003
VRCON                             00000097
VREN                              00000007
VROE                              00000006
VRR                               00000005
VRSS                              00000004
W                                 00000000
WCOL                              00000007
WDTCON                            00000105
WDTPS0                            00000001
WDTPS1                            00000002
WDTPS2                            00000003
WDTPS3                            00000004
WPUB                              00000095
WPUB0                             00000000
WPUB1                             00000001
WPUB2                             00000002
WPUB3                             00000003
WPUB4                             00000004
WPUB5                             00000005
WPUB6                             00000006
WPUB7                             00000007
WR                                00000001
WREN                              00000002
WRERR                             00000003
WUE                               00000001
Z                                 00000002
_BOR21V                           00003EFF
_BOR40V                           00003FFF
_BOR4V_BOR21V                     00003EFF
MPASM  5.43                          MAIN.ASM   1-6-2012  12:21:27         PAGE 19


SYMBOL TABLE
  LABEL                             VALUE 

_BOR4V_BOR40V                     00003FFF
_BOREN_NSLEEP                     00003EFF
_BOREN_OFF                        00003CFF
_BOREN_ON                         00003FFF
_BOREN_SBODEN                     00003DFF
_BOR_NSLEEP                       00003EFF
_BOR_OFF                          00003CFF
_BOR_ON                           00003FFF
_BOR_SBODEN                       00003DFF
_CONFIG1                          00002007
_CONFIG2                          00002008
_CPD_OFF                          00003FFF
_CPD_ON                           00003F7F
_CP_OFF                           00003FFF
_CP_ON                            00003FBF
_DEBUG_OFF                        00003FFF
_DEBUG_ON                         00001FFF
_DEVID1                           00002006
_EC_OSC                           00003FFB
_EXTRC                            00003FFF
_EXTRCIO                          00003FFE
_EXTRC_OSC_CLKOUT                 00003FFF
_EXTRC_OSC_NOCLKOUT               00003FFE
_FCMEN_OFF                        000037FF
_FCMEN_ON                         00003FFF
_FOSC_EC                          00003FFB
_FOSC_EXTRC_CLKOUT                00003FFF
_FOSC_EXTRC_NOCLKOUT              00003FFE
_FOSC_HS                          00003FFA
_FOSC_INTRC_CLKOUT                00003FFD
_FOSC_INTRC_NOCLKOUT              00003FFC
_FOSC_LP                          00003FF8
_FOSC_XT                          00003FF9
_HS_OSC                           00003FFA
_IDLOC0                           00002000
_IDLOC1                           00002001
_IDLOC2                           00002002
_IDLOC3                           00002003
_IESO_OFF                         00003BFF
_IESO_ON                          00003FFF
_INTOSC                           00003FFD
_INTOSCIO                         00003FFC
_INTRC_OSC_CLKOUT                 00003FFD
_INTRC_OSC_NOCLKOUT               00003FFC
_LP_OSC                           00003FF8
_LVP_OFF                          00002FFF
_LVP_ON                           00003FFF
_MCLRE_OFF                        00003FDF
_MCLRE_ON                         00003FFF
_PWRTE_OFF                        00003FFF
_PWRTE_ON                         00003FEF
_WDTE_OFF                         00003FF7
_WDTE_ON                          00003FFF
MPASM  5.43                          MAIN.ASM   1-6-2012  12:21:27         PAGE 20


SYMBOL TABLE
  LABEL                             VALUE 

_WDT_OFF                          00003FF7
_WDT_ON                           00003FFF
_WRT_1FOURTH                      00003BFF
_WRT_256                          00003DFF
_WRT_HALF                         000039FF
_WRT_OFF                          00003FFF
_XT_OSC                           00003FF9
__16F887                          00000001
__DEBUG                           1

Errors   :     0
Warnings :     0 reported,     0 suppressed
Messages :    26 reported,     0 suppressed

