Fitter report for 50bit_shift_register
Sun Jan 01 16:44:39 2012
Quartus II 32-bit Version 11.1 Build 216 11/23/2011 Service Pack 1 SJ Web Edition


---------------------
; Table of Contents ;
---------------------
  1. Legal Notice
  2. Fitter Summary
  3. Fitter Settings
  4. Pin-Out File
  5. Fitter Resource Usage Summary
  6. Input Pins
  7. Output Pins
  8. I/O Bank Usage
  9. All Package Pins
 10. Output Pin Default Load For Reported TCO
 11. Fitter Resource Utilization by Entity
 12. Delay Chain Summary
 13. Control Signals
 14. Global & Other Fast Signals
 15. Non-Global High Fan-Out Signals
 16. Interconnect Usage Summary
 17. LAB Logic Elements
 18. LAB-wide Signals
 19. LAB Signals Sourced
 20. LAB Signals Sourced Out
 21. LAB Distinct Inputs
 22. Fitter Device Options
 23. Fitter Messages



----------------
; Legal Notice ;
----------------
Copyright (C) 1991-2011 Altera Corporation
Your use of Altera Corporation's design tools, logic functions 
and other software and tools, and its AMPP partner logic 
functions, and any output files from any of the foregoing 
(including device programming or simulation files), and any 
associated documentation or information are expressly subject 
to the terms and conditions of the Altera Program License 
Subscription Agreement, Altera MegaCore Function License 
Agreement, or other applicable license agreement, including, 
without limitation, that your use is for the sole purpose of 
programming logic devices manufactured by Altera and sold by 
Altera or its authorized distributors.  Please refer to the 
applicable agreement for further details.



+---------------------------------------------------------------------------+
; Fitter Summary                                                            ;
+---------------------------+-----------------------------------------------+
; Fitter Status             ; Successful - Sun Jan 01 16:44:39 2012         ;
; Quartus II 32-bit Version ; 11.1 Build 216 11/23/2011 SP 1 SJ Web Edition ;
; Revision Name             ; 50bit_shift_register                          ;
; Top-level Entity Name     ; 50bit_shift_register                          ;
; Family                    ; MAX II                                        ;
; Device                    ; EPM570T100C5                                  ;
; Timing Models             ; Final                                         ;
; Total logic elements      ; 50 / 570 ( 9 % )                              ;
; Total pins                ; 53 / 76 ( 70 % )                              ;
; Total virtual pins        ; 0                                             ;
; UFM blocks                ; 0 / 1 ( 0 % )                                 ;
+---------------------------+-----------------------------------------------+


+----------------------------------------------------------------------------------------------------------------------------------------------+
; Fitter Settings                                                                                                                              ;
+----------------------------------------------------------------------------+--------------------------------+--------------------------------+
; Option                                                                     ; Setting                        ; Default Value                  ;
+----------------------------------------------------------------------------+--------------------------------+--------------------------------+
; Device                                                                     ; EPM570T100C5                   ;                                ;
; Minimum Core Junction Temperature                                          ; 0                              ;                                ;
; Maximum Core Junction Temperature                                          ; 85                             ;                                ;
; Fit Attempts to Skip                                                       ; 0                              ; 0.0                            ;
; Device I/O Standard                                                        ; 3.3-V LVTTL                    ;                                ;
; Use smart compilation                                                      ; Off                            ; Off                            ;
; Enable parallel Assembler and TimeQuest Timing Analyzer during compilation ; On                             ; On                             ;
; Enable compact report table                                                ; Off                            ; Off                            ;
; Router Timing Optimization Level                                           ; Normal                         ; Normal                         ;
; Placement Effort Multiplier                                                ; 1.0                            ; 1.0                            ;
; Router Effort Multiplier                                                   ; 1.0                            ; 1.0                            ;
; Always Enable Input Buffers                                                ; Off                            ; Off                            ;
; Optimize Hold Timing                                                       ; IO Paths and Minimum TPD Paths ; IO Paths and Minimum TPD Paths ;
; Optimize Multi-Corner Timing                                               ; Off                            ; Off                            ;
; Guarantee I/O Paths Have Zero Hold Time at Fast Corner                     ; On                             ; On                             ;
; PowerPlay Power Optimization                                               ; Normal compilation             ; Normal compilation             ;
; Optimize Timing                                                            ; Normal compilation             ; Normal compilation             ;
; Optimize Timing for ECOs                                                   ; Off                            ; Off                            ;
; Regenerate full fit report during ECO compiles                             ; Off                            ; Off                            ;
; Optimize IOC Register Placement for Timing                                 ; Normal                         ; Normal                         ;
; Limit to One Fitting Attempt                                               ; Off                            ; Off                            ;
; Final Placement Optimizations                                              ; Automatically                  ; Automatically                  ;
; Fitter Aggressive Routability Optimizations                                ; Automatically                  ; Automatically                  ;
; Fitter Initial Placement Seed                                              ; 1                              ; 1                              ;
; Slow Slew Rate                                                             ; Off                            ; Off                            ;
; PCI I/O                                                                    ; Off                            ; Off                            ;
; Weak Pull-Up Resistor                                                      ; Off                            ; Off                            ;
; Enable Bus-Hold Circuitry                                                  ; Off                            ; Off                            ;
; Auto Delay Chains                                                          ; On                             ; On                             ;
; Perform Physical Synthesis for Combinational Logic for Performance         ; Off                            ; Off                            ;
; Perform Register Duplication for Performance                               ; Off                            ; Off                            ;
; Perform Register Retiming for Performance                                  ; Off                            ; Off                            ;
; Perform Asynchronous Signal Pipelining                                     ; Off                            ; Off                            ;
; Fitter Effort                                                              ; Auto Fit                       ; Auto Fit                       ;
; Physical Synthesis Effort Level                                            ; Normal                         ; Normal                         ;
; Logic Cell Insertion - Logic Duplication                                   ; Auto                           ; Auto                           ;
; Auto Register Duplication                                                  ; Auto                           ; Auto                           ;
; Auto Global Clock                                                          ; On                             ; On                             ;
; Auto Global Register Control Signals                                       ; On                             ; On                             ;
; Force Fitter to Avoid Periphery Placement Warnings                         ; Off                            ; Off                            ;
+----------------------------------------------------------------------------+--------------------------------+--------------------------------+


+--------------+
; Pin-Out File ;
+--------------+
The pin-out file can be found in C:/Siska/CPLD/50bit_shift_register.pin.


+----------------------------------------------------------------+
; Fitter Resource Usage Summary                                  ;
+---------------------------------------------+------------------+
; Resource                                    ; Usage            ;
+---------------------------------------------+------------------+
; Total logic elements                        ; 50 / 570 ( 9 % ) ;
;     -- Combinational with no register       ; 0                ;
;     -- Register only                        ; 0                ;
;     -- Combinational with a register        ; 50               ;
;                                             ;                  ;
; Logic element usage by number of LUT inputs ;                  ;
;     -- 4 input functions                    ; 0                ;
;     -- 3 input functions                    ; 0                ;
;     -- 2 input functions                    ; 50               ;
;     -- 1 input functions                    ; 0                ;
;     -- 0 input functions                    ; 0                ;
;                                             ;                  ;
; Logic elements by mode                      ;                  ;
;     -- normal mode                          ; 50               ;
;     -- arithmetic mode                      ; 0                ;
;     -- qfbk mode                            ; 0                ;
;     -- register cascade mode                ; 0                ;
;     -- synchronous clear/load mode          ; 0                ;
;     -- asynchronous clear/load mode         ; 0                ;
;                                             ;                  ;
; Total registers                             ; 50 / 570 ( 9 % ) ;
; Total LABs                                  ; 5 / 57 ( 9 % )   ;
; Logic elements in carry chains              ; 0                ;
; User inserted logic elements                ; 0                ;
; Virtual pins                                ; 0                ;
; I/O pins                                    ; 53 / 76 ( 70 % ) ;
;     -- Clock pins                           ; 4 / 4 ( 100 % )  ;
; Global signals                              ; 1                ;
; UFM blocks                                  ; 0 / 1 ( 0 % )    ;
; Global clocks                               ; 1 / 4 ( 25 % )   ;
; JTAGs                                       ; 0 / 1 ( 0 % )    ;
; Average interconnect usage (total/H/V)      ; 3% / 3% / 3%     ;
; Peak interconnect usage (total/H/V)         ; 3% / 3% / 3%     ;
; Maximum fan-out node                        ; SClear           ;
; Maximum fan-out                             ; 50               ;
; Highest non-global fan-out signal           ; SClear           ;
; Highest non-global fan-out                  ; 50               ;
; Total fan-out                               ; 200              ;
; Average fan-out                             ; 1.94             ;
+---------------------------------------------+------------------+


+---------------------------------------------------------------------------------------------------------------------------------------------------------------------------------------------------------------+
; Input Pins                                                                                                                                                                                                    ;
+--------+-------+----------+--------------+--------------+-------------+-----------------------+--------------------+--------+-----------------+----------+--------------+--------------+----------------------+
; Name   ; Pin # ; I/O Bank ; X coordinate ; Y coordinate ; Cell number ; Combinational Fan-Out ; Registered Fan-Out ; Global ; PCI I/O Enabled ; Bus Hold ; Weak Pull Up ; I/O Standard ; Location assigned by ;
+--------+-------+----------+--------------+--------------+-------------+-----------------------+--------------------+--------+-----------------+----------+--------------+--------------+----------------------+
; Clock  ; 12    ; 1        ; 0            ; 5            ; 0           ; 50                    ; 0                  ; yes    ; no              ; no       ; Off          ; 3.3-V LVTTL  ; Fitter               ;
; Data   ; 21    ; 1        ; 1            ; 3            ; 1           ; 1                     ; 0                  ; no     ; no              ; no       ; Off          ; 3.3-V LVTTL  ; Fitter               ;
; SClear ; 44    ; 1        ; 8            ; 3            ; 2           ; 50                    ; 0                  ; no     ; no              ; no       ; Off          ; 3.3-V LVTTL  ; Fitter               ;
+--------+-------+----------+--------------+--------------+-------------+-----------------------+--------------------+--------+-----------------+----------+--------------+--------------+----------------------+


+------------------------------------------------------------------------------------------------------------------------------------------------------------------------------------------------------------------------------------------------------------------------------------------------------------------------------+
; Output Pins                                                                                                                                                                                                                                                                                                                  ;
+------------+-------+----------+--------------+--------------+-------------+-----------------+----------------+-----------------+------------+---------------+----------+--------------+--------------+------------------+------------------------+----------------------+-------+----------------------+---------------------+
; Name       ; Pin # ; I/O Bank ; X coordinate ; Y coordinate ; Cell number ; Output Register ; Slow Slew Rate ; PCI I/O Enabled ; Open Drain ; TRI Primitive ; Bus Hold ; Weak Pull Up ; I/O Standard ; Current Strength ; Fast Output Connection ; Location assigned by ; Load  ; Output Enable Source ; Output Enable Group ;
+------------+-------+----------+--------------+--------------+-------------+-----------------+----------------+-----------------+------------+---------------+----------+--------------+--------------+------------------+------------------------+----------------------+-------+----------------------+---------------------+
; output[0]  ; 2     ; 1        ; 1            ; 8            ; 0           ; no              ; no             ; no              ; no         ; no            ; no       ; Off          ; 3.3-V LVTTL  ; 16mA             ; no                     ; Fitter               ; 10 pF ; -                    ; -                   ;
; output[10] ; 27    ; 1        ; 3            ; 3            ; 1           ; no              ; no             ; no              ; no         ; no            ; no       ; Off          ; 3.3-V LVTTL  ; 16mA             ; no                     ; Fitter               ; 10 pF ; -                    ; -                   ;
; output[11] ; 35    ; 1        ; 6            ; 3            ; 1           ; no              ; no             ; no              ; no         ; no            ; no       ; Off          ; 3.3-V LVTTL  ; 16mA             ; no                     ; Fitter               ; 10 pF ; -                    ; -                   ;
; output[12] ; 1     ; 2        ; 3            ; 8            ; 3           ; no              ; no             ; no              ; no         ; no            ; no       ; Off          ; 3.3-V LVTTL  ; 16mA             ; yes                    ; Fitter               ; 10 pF ; -                    ; -                   ;
; output[13] ; 98    ; 2        ; 4            ; 8            ; 1           ; no              ; no             ; no              ; no         ; no            ; no       ; Off          ; 3.3-V LVTTL  ; 16mA             ; no                     ; Fitter               ; 10 pF ; -                    ; -                   ;
; output[14] ; 3     ; 1        ; 1            ; 8            ; 2           ; no              ; no             ; no              ; no         ; no            ; no       ; Off          ; 3.3-V LVTTL  ; 16mA             ; no                     ; Fitter               ; 10 pF ; -                    ; -                   ;
; output[15] ; 100   ; 2        ; 3            ; 8            ; 0           ; no              ; no             ; no              ; no         ; no            ; no       ; Off          ; 3.3-V LVTTL  ; 16mA             ; no                     ; Fitter               ; 10 pF ; -                    ; -                   ;
; output[16] ; 96    ; 2        ; 5            ; 8            ; 1           ; no              ; no             ; no              ; no         ; no            ; no       ; Off          ; 3.3-V LVTTL  ; 16mA             ; no                     ; Fitter               ; 10 pF ; -                    ; -                   ;
; output[17] ; 5     ; 1        ; 0            ; 7            ; 2           ; no              ; no             ; no              ; no         ; no            ; no       ; Off          ; 3.3-V LVTTL  ; 16mA             ; no                     ; Fitter               ; 10 pF ; -                    ; -                   ;
; output[18] ; 20    ; 1        ; 1            ; 3            ; 3           ; no              ; no             ; no              ; no         ; no            ; no       ; Off          ; 3.3-V LVTTL  ; 16mA             ; no                     ; Fitter               ; 10 pF ; -                    ; -                   ;
; output[19] ; 97    ; 2        ; 5            ; 8            ; 2           ; no              ; no             ; no              ; no         ; no            ; no       ; Off          ; 3.3-V LVTTL  ; 16mA             ; no                     ; Fitter               ; 10 pF ; -                    ; -                   ;
; output[1]  ; 16    ; 1        ; 0            ; 5            ; 3           ; no              ; no             ; no              ; no         ; no            ; no       ; Off          ; 3.3-V LVTTL  ; 16mA             ; no                     ; Fitter               ; 10 pF ; -                    ; -                   ;
; output[20] ; 91    ; 2        ; 6            ; 8            ; 2           ; no              ; no             ; no              ; no         ; no            ; no       ; Off          ; 3.3-V LVTTL  ; 16mA             ; no                     ; Fitter               ; 10 pF ; -                    ; -                   ;
; output[21] ; 72    ; 2        ; 13           ; 6            ; 1           ; no              ; no             ; no              ; no         ; no            ; no       ; Off          ; 3.3-V LVTTL  ; 16mA             ; no                     ; Fitter               ; 10 pF ; -                    ; -                   ;
; output[22] ; 36    ; 1        ; 6            ; 3            ; 0           ; no              ; no             ; no              ; no         ; no            ; no       ; Off          ; 3.3-V LVTTL  ; 16mA             ; no                     ; Fitter               ; 10 pF ; -                    ; -                   ;
; output[23] ; 89    ; 2        ; 7            ; 8            ; 1           ; no              ; no             ; no              ; no         ; no            ; no       ; Off          ; 3.3-V LVTTL  ; 16mA             ; no                     ; Fitter               ; 10 pF ; -                    ; -                   ;
; output[24] ; 42    ; 1        ; 7            ; 3            ; 0           ; no              ; no             ; no              ; no         ; no            ; no       ; Off          ; 3.3-V LVTTL  ; 16mA             ; no                     ; Fitter               ; 10 pF ; -                    ; -                   ;
; output[25] ; 73    ; 2        ; 13           ; 7            ; 5           ; no              ; no             ; no              ; no         ; no            ; no       ; Off          ; 3.3-V LVTTL  ; 16mA             ; no                     ; Fitter               ; 10 pF ; -                    ; -                   ;
; output[26] ; 40    ; 1        ; 7            ; 3            ; 2           ; no              ; no             ; no              ; no         ; no            ; no       ; Off          ; 3.3-V LVTTL  ; 16mA             ; no                     ; Fitter               ; 10 pF ; -                    ; -                   ;
; output[27] ; 30    ; 1        ; 4            ; 3            ; 1           ; no              ; no             ; no              ; no         ; no            ; no       ; Off          ; 3.3-V LVTTL  ; 16mA             ; no                     ; Fitter               ; 10 pF ; -                    ; -                   ;
; output[28] ; 33    ; 1        ; 6            ; 3            ; 3           ; no              ; no             ; no              ; no         ; no            ; no       ; Off          ; 3.3-V LVTTL  ; 16mA             ; no                     ; Fitter               ; 10 pF ; -                    ; -                   ;
; output[29] ; 67    ; 2        ; 13           ; 4            ; 1           ; no              ; no             ; no              ; no         ; no            ; no       ; Off          ; 3.3-V LVTTL  ; 16mA             ; no                     ; Fitter               ; 10 pF ; -                    ; -                   ;
; output[2]  ; 14    ; 1        ; 0            ; 5            ; 1           ; no              ; no             ; no              ; no         ; no            ; no       ; Off          ; 3.3-V LVTTL  ; 16mA             ; no                     ; Fitter               ; 10 pF ; -                    ; -                   ;
; output[30] ; 70    ; 2        ; 13           ; 6            ; 5           ; no              ; no             ; no              ; no         ; no            ; no       ; Off          ; 3.3-V LVTTL  ; 16mA             ; no                     ; Fitter               ; 10 pF ; -                    ; -                   ;
; output[31] ; 69    ; 2        ; 13           ; 5            ; 0           ; no              ; no             ; no              ; no         ; no            ; no       ; Off          ; 3.3-V LVTTL  ; 16mA             ; no                     ; Fitter               ; 10 pF ; -                    ; -                   ;
; output[32] ; 68    ; 2        ; 13           ; 4            ; 0           ; no              ; no             ; no              ; no         ; no            ; no       ; Off          ; 3.3-V LVTTL  ; 16mA             ; no                     ; Fitter               ; 10 pF ; -                    ; -                   ;
; output[33] ; 75    ; 2        ; 13           ; 7            ; 1           ; no              ; no             ; no              ; no         ; no            ; no       ; Off          ; 3.3-V LVTTL  ; 16mA             ; no                     ; Fitter               ; 10 pF ; -                    ; -                   ;
; output[34] ; 78    ; 2        ; 12           ; 8            ; 3           ; no              ; no             ; no              ; no         ; no            ; no       ; Off          ; 3.3-V LVTTL  ; 16mA             ; no                     ; Fitter               ; 10 pF ; -                    ; -                   ;
; output[35] ; 64    ; 2        ; 13           ; 4            ; 3           ; no              ; no             ; no              ; no         ; no            ; no       ; Off          ; 3.3-V LVTTL  ; 16mA             ; no                     ; Fitter               ; 10 pF ; -                    ; -                   ;
; output[36] ; 61    ; 2        ; 13           ; 3            ; 1           ; no              ; no             ; no              ; no         ; no            ; no       ; Off          ; 3.3-V LVTTL  ; 16mA             ; no                     ; Fitter               ; 10 pF ; -                    ; -                   ;
; output[37] ; 57    ; 2        ; 13           ; 2            ; 1           ; no              ; no             ; no              ; no         ; no            ; no       ; Off          ; 3.3-V LVTTL  ; 16mA             ; no                     ; Fitter               ; 10 pF ; -                    ; -                   ;
; output[38] ; 74    ; 2        ; 13           ; 7            ; 3           ; no              ; no             ; no              ; no         ; no            ; no       ; Off          ; 3.3-V LVTTL  ; 16mA             ; no                     ; Fitter               ; 10 pF ; -                    ; -                   ;
; output[39] ; 77    ; 2        ; 12           ; 8            ; 2           ; no              ; no             ; no              ; no         ; no            ; no       ; Off          ; 3.3-V LVTTL  ; 16mA             ; no                     ; Fitter               ; 10 pF ; -                    ; -                   ;
; output[3]  ; 17    ; 1        ; 0            ; 5            ; 4           ; no              ; no             ; no              ; no         ; no            ; no       ; Off          ; 3.3-V LVTTL  ; 16mA             ; no                     ; Fitter               ; 10 pF ; -                    ; -                   ;
; output[40] ; 54    ; 2        ; 13           ; 1            ; 1           ; no              ; no             ; no              ; no         ; no            ; no       ; Off          ; 3.3-V LVTTL  ; 16mA             ; no                     ; Fitter               ; 10 pF ; -                    ; -                   ;
; output[41] ; 76    ; 2        ; 12           ; 8            ; 1           ; no              ; no             ; no              ; no         ; no            ; no       ; Off          ; 3.3-V LVTTL  ; 16mA             ; no                     ; Fitter               ; 10 pF ; -                    ; -                   ;
; output[42] ; 81    ; 2        ; 10           ; 8            ; 3           ; no              ; no             ; no              ; no         ; no            ; no       ; Off          ; 3.3-V LVTTL  ; 16mA             ; no                     ; Fitter               ; 10 pF ; -                    ; -                   ;
; output[43] ; 86    ; 2        ; 8            ; 8            ; 3           ; no              ; no             ; no              ; no         ; no            ; no       ; Off          ; 3.3-V LVTTL  ; 16mA             ; no                     ; Fitter               ; 10 pF ; -                    ; -                   ;
; output[44] ; 82    ; 2        ; 9            ; 8            ; 0           ; no              ; no             ; no              ; no         ; no            ; no       ; Off          ; 3.3-V LVTTL  ; 16mA             ; no                     ; Fitter               ; 10 pF ; -                    ; -                   ;
; output[45] ; 62    ; 2        ; 13           ; 4            ; 4           ; no              ; no             ; no              ; no         ; no            ; no       ; Off          ; 3.3-V LVTTL  ; 16mA             ; no                     ; Fitter               ; 10 pF ; -                    ; -                   ;
; output[46] ; 43    ; 1        ; 8            ; 3            ; 3           ; no              ; no             ; no              ; no         ; no            ; no       ; Off          ; 3.3-V LVTTL  ; 16mA             ; no                     ; Fitter               ; 10 pF ; -                    ; -                   ;
; output[47] ; 71    ; 2        ; 13           ; 6            ; 2           ; no              ; no             ; no              ; no         ; no            ; no       ; Off          ; 3.3-V LVTTL  ; 16mA             ; no                     ; Fitter               ; 10 pF ; -                    ; -                   ;
; output[48] ; 66    ; 2        ; 13           ; 4            ; 2           ; no              ; no             ; no              ; no         ; no            ; no       ; Off          ; 3.3-V LVTTL  ; 16mA             ; no                     ; Fitter               ; 10 pF ; -                    ; -                   ;
; output[49] ; 84    ; 2        ; 8            ; 8            ; 1           ; no              ; no             ; no              ; no         ; no            ; no       ; Off          ; 3.3-V LVTTL  ; 16mA             ; no                     ; Fitter               ; 10 pF ; -                    ; -                   ;
; output[4]  ; 7     ; 1        ; 0            ; 7            ; 4           ; no              ; no             ; no              ; no         ; no            ; no       ; Off          ; 3.3-V LVTTL  ; 16mA             ; no                     ; Fitter               ; 10 pF ; -                    ; -                   ;
; output[5]  ; 18    ; 1        ; 0            ; 5            ; 5           ; no              ; no             ; no              ; no         ; no            ; no       ; Off          ; 3.3-V LVTTL  ; 16mA             ; no                     ; Fitter               ; 10 pF ; -                    ; -                   ;
; output[6]  ; 15    ; 1        ; 0            ; 5            ; 2           ; no              ; no             ; no              ; no         ; no            ; no       ; Off          ; 3.3-V LVTTL  ; 16mA             ; no                     ; Fitter               ; 10 pF ; -                    ; -                   ;
; output[7]  ; 29    ; 1        ; 4            ; 3            ; 2           ; no              ; no             ; no              ; no         ; no            ; no       ; Off          ; 3.3-V LVTTL  ; 16mA             ; no                     ; Fitter               ; 10 pF ; -                    ; -                   ;
; output[8]  ; 26    ; 1        ; 3            ; 3            ; 2           ; no              ; no             ; no              ; no         ; no            ; no       ; Off          ; 3.3-V LVTTL  ; 16mA             ; no                     ; Fitter               ; 10 pF ; -                    ; -                   ;
; output[9]  ; 92    ; 2        ; 6            ; 8            ; 3           ; no              ; no             ; no              ; no         ; no            ; no       ; Off          ; 3.3-V LVTTL  ; 16mA             ; no                     ; Fitter               ; 10 pF ; -                    ; -                   ;
+------------+-------+----------+--------------+--------------+-------------+-----------------+----------------+-----------------+------------+---------------+----------+--------------+--------------+------------------+------------------------+----------------------+-------+----------------------+---------------------+


+------------------------------------------------------------+
; I/O Bank Usage                                             ;
+----------+------------------+---------------+--------------+
; I/O Bank ; Usage            ; VCCIO Voltage ; VREF Voltage ;
+----------+------------------+---------------+--------------+
; 1        ; 23 / 36 ( 64 % ) ; 3.3V          ; --           ;
; 2        ; 30 / 40 ( 75 % ) ; 3.3V          ; --           ;
+----------+------------------+---------------+--------------+


+------------------------------------------------------------------------------------------------------------------------------------------------+
; All Package Pins                                                                                                                               ;
+----------+------------+----------+----------------+--------+--------------+-----------+------------+-----------------+----------+--------------+
; Location ; Pad Number ; I/O Bank ; Pin Name/Usage ; Dir.   ; I/O Standard ; Voltage   ; I/O Type   ; User Assignment ; Bus Hold ; Weak Pull Up ;
+----------+------------+----------+----------------+--------+--------------+-----------+------------+-----------------+----------+--------------+
; 1        ; 161        ; 2        ; output[12]     ; output ; 3.3-V LVTTL  ;           ; Column I/O ; N               ; no       ; Off          ;
; 2        ; 2          ; 1        ; output[0]      ; output ; 3.3-V LVTTL  ;           ; Column I/O ; N               ; no       ; Off          ;
; 3        ; 4          ; 1        ; output[14]     ; output ; 3.3-V LVTTL  ;           ; Column I/O ; N               ; no       ; Off          ;
; 4        ; 6          ; 1        ; GND*           ;        ;              ;           ; Row I/O    ;                 ; no       ; Off          ;
; 5        ; 8          ; 1        ; output[17]     ; output ; 3.3-V LVTTL  ;           ; Row I/O    ; N               ; no       ; Off          ;
; 6        ; 9          ; 1        ; GND*           ;        ;              ;           ; Row I/O    ;                 ; no       ; Off          ;
; 7        ; 10         ; 1        ; output[4]      ; output ; 3.3-V LVTTL  ;           ; Row I/O    ; N               ; no       ; Off          ;
; 8        ; 11         ; 1        ; GND*           ;        ;              ;           ; Row I/O    ;                 ; no       ; Off          ;
; 9        ;            ; 1        ; VCCIO1         ; power  ;              ; 3.3V      ; --         ;                 ; --       ; --           ;
; 10       ;            ;          ; GNDIO          ; gnd    ;              ;           ; --         ;                 ; --       ; --           ;
; 11       ;            ;          ; GNDINT         ; gnd    ;              ;           ; --         ;                 ; --       ; --           ;
; 12       ; 20         ; 1        ; Clock          ; input  ; 3.3-V LVTTL  ;           ; Row I/O    ; N               ; no       ; Off          ;
; 13       ;            ;          ; VCCINT         ; power  ;              ; 2.5V/3.3V ; --         ;                 ; --       ; --           ;
; 14       ; 21         ; 1        ; output[2]      ; output ; 3.3-V LVTTL  ;           ; Row I/O    ; N               ; no       ; Off          ;
; 15       ; 22         ; 1        ; output[6]      ; output ; 3.3-V LVTTL  ;           ; Row I/O    ; N               ; no       ; Off          ;
; 16       ; 23         ; 1        ; output[1]      ; output ; 3.3-V LVTTL  ;           ; Row I/O    ; N               ; no       ; Off          ;
; 17       ; 24         ; 1        ; output[3]      ; output ; 3.3-V LVTTL  ;           ; Row I/O    ; N               ; no       ; Off          ;
; 18       ; 25         ; 1        ; output[5]      ; output ; 3.3-V LVTTL  ;           ; Row I/O    ; N               ; no       ; Off          ;
; 19       ; 32         ; 1        ; GND*           ;        ;              ;           ; Row I/O    ;                 ; no       ; Off          ;
; 20       ; 34         ; 1        ; output[18]     ; output ; 3.3-V LVTTL  ;           ; Column I/O ; N               ; no       ; Off          ;
; 21       ; 36         ; 1        ; Data           ; input  ; 3.3-V LVTTL  ;           ; Column I/O ; N               ; no       ; Off          ;
; 22       ; 38         ; 1        ; #TMS           ; input  ;              ;           ; --         ;                 ; --       ; --           ;
; 23       ; 39         ; 1        ; #TDI           ; input  ;              ;           ; --         ;                 ; --       ; --           ;
; 24       ; 40         ; 1        ; #TCK           ; input  ;              ;           ; --         ;                 ; --       ; --           ;
; 25       ; 41         ; 1        ; #TDO           ; output ;              ;           ; --         ;                 ; --       ; --           ;
; 26       ; 47         ; 1        ; output[8]      ; output ; 3.3-V LVTTL  ;           ; Column I/O ; N               ; no       ; Off          ;
; 27       ; 48         ; 1        ; output[10]     ; output ; 3.3-V LVTTL  ;           ; Column I/O ; N               ; no       ; Off          ;
; 28       ; 50         ; 1        ; GND*           ;        ;              ;           ; Column I/O ;                 ; no       ; Off          ;
; 29       ; 51         ; 1        ; output[7]      ; output ; 3.3-V LVTTL  ;           ; Column I/O ; N               ; no       ; Off          ;
; 30       ; 52         ; 1        ; output[27]     ; output ; 3.3-V LVTTL  ;           ; Column I/O ; N               ; no       ; Off          ;
; 31       ;            ; 1        ; VCCIO1         ; power  ;              ; 3.3V      ; --         ;                 ; --       ; --           ;
; 32       ;            ;          ; GNDIO          ; gnd    ;              ;           ; --         ;                 ; --       ; --           ;
; 33       ; 58         ; 1        ; output[28]     ; output ; 3.3-V LVTTL  ;           ; Column I/O ; N               ; no       ; Off          ;
; 34       ; 59         ; 1        ; GND*           ;        ;              ;           ; Column I/O ;                 ; no       ; Off          ;
; 35       ; 60         ; 1        ; output[11]     ; output ; 3.3-V LVTTL  ;           ; Column I/O ; N               ; no       ; Off          ;
; 36       ; 61         ; 1        ; output[22]     ; output ; 3.3-V LVTTL  ;           ; Column I/O ; N               ; no       ; Off          ;
; 37       ;            ;          ; GNDINT         ; gnd    ;              ;           ; --         ;                 ; --       ; --           ;
; 38       ; 62         ; 1        ; GND*           ;        ;              ;           ; Column I/O ;                 ; no       ; Off          ;
; 39       ;            ;          ; VCCINT         ; power  ;              ; 2.5V/3.3V ; --         ;                 ; --       ; --           ;
; 40       ; 63         ; 1        ; output[26]     ; output ; 3.3-V LVTTL  ;           ; Column I/O ; N               ; no       ; Off          ;
; 41       ; 64         ; 1        ; GND*           ;        ;              ;           ; Column I/O ;                 ; no       ; Off          ;
; 42       ; 65         ; 1        ; output[24]     ; output ; 3.3-V LVTTL  ;           ; Column I/O ; N               ; no       ; Off          ;
; 43       ; 66         ; 1        ; output[46]     ; output ; 3.3-V LVTTL  ;           ; Column I/O ; N               ; no       ; Off          ;
; 44       ; 67         ; 1        ; SClear         ; input  ; 3.3-V LVTTL  ;           ; Column I/O ; N               ; no       ; Off          ;
; 45       ;            ; 1        ; VCCIO1         ; power  ;              ; 3.3V      ; --         ;                 ; --       ; --           ;
; 46       ;            ;          ; GNDIO          ; gnd    ;              ;           ; --         ;                 ; --       ; --           ;
; 47       ; 71         ; 1        ; GND*           ;        ;              ;           ; Column I/O ;                 ; no       ; Off          ;
; 48       ; 72         ; 1        ; GND*           ;        ;              ;           ; Column I/O ;                 ; no       ; Off          ;
; 49       ; 73         ; 1        ; GND*           ;        ;              ;           ; Column I/O ;                 ; no       ; Off          ;
; 50       ; 75         ; 1        ; GND*           ;        ;              ;           ; Column I/O ;                 ; no       ; Off          ;
; 51       ; 79         ; 1        ; GND*           ;        ;              ;           ; Column I/O ;                 ; no       ; Off          ;
; 52       ; 83         ; 2        ; GND*           ;        ;              ;           ; Row I/O    ;                 ; no       ; Off          ;
; 53       ; 84         ; 2        ; GND*           ;        ;              ;           ; Row I/O    ;                 ; no       ; Off          ;
; 54       ; 86         ; 2        ; output[40]     ; output ; 3.3-V LVTTL  ;           ; Row I/O    ; N               ; no       ; Off          ;
; 55       ; 89         ; 2        ; GND*           ;        ;              ;           ; Row I/O    ;                 ; no       ; Off          ;
; 56       ; 91         ; 2        ; GND*           ;        ;              ;           ; Row I/O    ;                 ; no       ; Off          ;
; 57       ; 92         ; 2        ; output[37]     ; output ; 3.3-V LVTTL  ;           ; Row I/O    ; N               ; no       ; Off          ;
; 58       ; 93         ; 2        ; GND*           ;        ;              ;           ; Row I/O    ;                 ; no       ; Off          ;
; 59       ;            ; 2        ; VCCIO2         ; power  ;              ; 3.3V      ; --         ;                 ; --       ; --           ;
; 60       ;            ;          ; GNDIO          ; gnd    ;              ;           ; --         ;                 ; --       ; --           ;
; 61       ; 98         ; 2        ; output[36]     ; output ; 3.3-V LVTTL  ;           ; Row I/O    ; N               ; no       ; Off          ;
; 62       ; 101        ; 2        ; output[45]     ; output ; 3.3-V LVTTL  ;           ; Row I/O    ; N               ; no       ; Off          ;
; 63       ;            ;          ; VCCINT         ; power  ;              ; 2.5V/3.3V ; --         ;                 ; --       ; --           ;
; 64       ; 102        ; 2        ; output[35]     ; output ; 3.3-V LVTTL  ;           ; Row I/O    ; N               ; no       ; Off          ;
; 65       ;            ;          ; GNDINT         ; gnd    ;              ;           ; --         ;                 ; --       ; --           ;
; 66       ; 103        ; 2        ; output[48]     ; output ; 3.3-V LVTTL  ;           ; Row I/O    ; N               ; no       ; Off          ;
; 67       ; 104        ; 2        ; output[29]     ; output ; 3.3-V LVTTL  ;           ; Row I/O    ; N               ; no       ; Off          ;
; 68       ; 105        ; 2        ; output[32]     ; output ; 3.3-V LVTTL  ;           ; Row I/O    ; N               ; no       ; Off          ;
; 69       ; 111        ; 2        ; output[31]     ; output ; 3.3-V LVTTL  ;           ; Row I/O    ; N               ; no       ; Off          ;
; 70       ; 112        ; 2        ; output[30]     ; output ; 3.3-V LVTTL  ;           ; Row I/O    ; N               ; no       ; Off          ;
; 71       ; 115        ; 2        ; output[47]     ; output ; 3.3-V LVTTL  ;           ; Row I/O    ; N               ; no       ; Off          ;
; 72       ; 116        ; 2        ; output[21]     ; output ; 3.3-V LVTTL  ;           ; Row I/O    ; N               ; no       ; Off          ;
; 73       ; 118        ; 2        ; output[25]     ; output ; 3.3-V LVTTL  ;           ; Row I/O    ; N               ; no       ; Off          ;
; 74       ; 120        ; 2        ; output[38]     ; output ; 3.3-V LVTTL  ;           ; Row I/O    ; N               ; no       ; Off          ;
; 75       ; 122        ; 2        ; output[33]     ; output ; 3.3-V LVTTL  ;           ; Row I/O    ; N               ; no       ; Off          ;
; 76       ; 125        ; 2        ; output[41]     ; output ; 3.3-V LVTTL  ;           ; Column I/O ; N               ; no       ; Off          ;
; 77       ; 126        ; 2        ; output[39]     ; output ; 3.3-V LVTTL  ;           ; Column I/O ; N               ; no       ; Off          ;
; 78       ; 127        ; 2        ; output[34]     ; output ; 3.3-V LVTTL  ;           ; Column I/O ; N               ; no       ; Off          ;
; 79       ;            ;          ; GNDIO          ; gnd    ;              ;           ; --         ;                 ; --       ; --           ;
; 80       ;            ; 2        ; VCCIO2         ; power  ;              ; 3.3V      ; --         ;                 ; --       ; --           ;
; 81       ; 135        ; 2        ; output[42]     ; output ; 3.3-V LVTTL  ;           ; Column I/O ; N               ; no       ; Off          ;
; 82       ; 136        ; 2        ; output[44]     ; output ; 3.3-V LVTTL  ;           ; Column I/O ; N               ; no       ; Off          ;
; 83       ; 139        ; 2        ; GND*           ;        ;              ;           ; Column I/O ;                 ; no       ; Off          ;
; 84       ; 140        ; 2        ; output[49]     ; output ; 3.3-V LVTTL  ;           ; Column I/O ; N               ; no       ; Off          ;
; 85       ; 141        ; 2        ; GND*           ;        ;              ;           ; Column I/O ;                 ; no       ; Off          ;
; 86       ; 142        ; 2        ; output[43]     ; output ; 3.3-V LVTTL  ;           ; Column I/O ; N               ; no       ; Off          ;
; 87       ; 143        ; 2        ; GND*           ;        ;              ;           ; Column I/O ;                 ; no       ; Off          ;
; 88       ;            ;          ; VCCINT         ; power  ;              ; 2.5V/3.3V ; --         ;                 ; --       ; --           ;
; 89       ; 144        ; 2        ; output[23]     ; output ; 3.3-V LVTTL  ;           ; Column I/O ; N               ; no       ; Off          ;
; 90       ;            ;          ; GNDINT         ; gnd    ;              ;           ; --         ;                 ; --       ; --           ;
; 91       ; 149        ; 2        ; output[20]     ; output ; 3.3-V LVTTL  ;           ; Column I/O ; N               ; no       ; Off          ;
; 92       ; 150        ; 2        ; output[9]      ; output ; 3.3-V LVTTL  ;           ; Column I/O ; N               ; no       ; Off          ;
; 93       ;            ;          ; GNDIO          ; gnd    ;              ;           ; --         ;                 ; --       ; --           ;
; 94       ;            ; 2        ; VCCIO2         ; power  ;              ; 3.3V      ; --         ;                 ; --       ; --           ;
; 95       ; 151        ; 2        ; GND*           ;        ;              ;           ; Column I/O ;                 ; no       ; Off          ;
; 96       ; 152        ; 2        ; output[16]     ; output ; 3.3-V LVTTL  ;           ; Column I/O ; N               ; no       ; Off          ;
; 97       ; 153        ; 2        ; output[19]     ; output ; 3.3-V LVTTL  ;           ; Column I/O ; N               ; no       ; Off          ;
; 98       ; 155        ; 2        ; output[13]     ; output ; 3.3-V LVTTL  ;           ; Column I/O ; N               ; no       ; Off          ;
; 99       ; 156        ; 2        ; GND*           ;        ;              ;           ; Column I/O ;                 ; no       ; Off          ;
; 100      ; 158        ; 2        ; output[15]     ; output ; 3.3-V LVTTL  ;           ; Column I/O ; N               ; no       ; Off          ;
+----------+------------+----------+----------------+--------+--------------+-----------+------------+-----------------+----------+--------------+
Note: Pin directions (input, output or bidir) are based on device operating in user mode.


+-------------------------------------------------------------+
; Output Pin Default Load For Reported TCO                    ;
+----------------------------+-------+------------------------+
; I/O Standard               ; Load  ; Termination Resistance ;
+----------------------------+-------+------------------------+
; 3.3-V LVTTL                ; 10 pF ; Not Available          ;
; 3.3-V LVCMOS               ; 10 pF ; Not Available          ;
; 2.5 V                      ; 10 pF ; Not Available          ;
; 1.8 V                      ; 10 pF ; Not Available          ;
; 1.5 V                      ; 10 pF ; Not Available          ;
; 3.3V Schmitt Trigger Input ; 10 pF ; Not Available          ;
; 2.5V Schmitt Trigger Input ; 10 pF ; Not Available          ;
+----------------------------+-------+------------------------+
Note: User assignments will override these defaults. The user specified values are listed in the Output Pins and Bidir Pins tables.


+------------------------------------------------------------------------------------------------------------------------------------------------------------------------------------------------------------------------------------------------------------------------------------------------+
; Fitter Resource Utilization by Entity                                                                                                                                                                                                                                                          ;
+---------------------------------------------+-------------+--------------+------------+------+--------------+--------------+-------------------+------------------+-----------------+------------+------------------------------------------------------------------------------+--------------+
; Compilation Hierarchy Node                  ; Logic Cells ; LC Registers ; UFM Blocks ; Pins ; Virtual Pins ; LUT-Only LCs ; Register-Only LCs ; LUT/Register LCs ; Carry Chain LCs ; Packed LCs ; Full Hierarchy Name                                                          ; Library Name ;
+---------------------------------------------+-------------+--------------+------------+------+--------------+--------------+-------------------+------------------+-----------------+------------+------------------------------------------------------------------------------+--------------+
; |50bit_shift_register                       ; 50 (0)      ; 50           ; 0          ; 53   ; 0            ; 0 (0)        ; 0 (0)             ; 50 (0)           ; 0 (0)           ; 0 (0)      ; |50bit_shift_register                                                        ; work         ;
;    |lpm_shiftreg0:inst|                     ; 50 (0)      ; 50           ; 0          ; 0    ; 0            ; 0 (0)        ; 0 (0)             ; 50 (0)           ; 0 (0)           ; 0 (0)      ; |50bit_shift_register|lpm_shiftreg0:inst                                     ; work         ;
;       |lpm_shiftreg:LPM_SHIFTREG_component| ; 50 (50)     ; 50           ; 0          ; 0    ; 0            ; 0 (0)        ; 0 (0)             ; 50 (50)          ; 0 (0)           ; 0 (0)      ; |50bit_shift_register|lpm_shiftreg0:inst|lpm_shiftreg:LPM_SHIFTREG_component ; work         ;
+---------------------------------------------+-------------+--------------+------------+------+--------------+--------------+-------------------+------------------+-----------------+------------+------------------------------------------------------------------------------+--------------+
Note: For table entries with two numbers listed, the numbers in parentheses indicate the number of resources of the given type used by the specific entity alone. The numbers listed outside of parentheses indicate the total resources of the given type used by the specific entity and all of its sub-entities in the hierarchy.


+---------------------------------------+
; Delay Chain Summary                   ;
+------------+----------+---------------+
; Name       ; Pin Type ; Pad to Core 0 ;
+------------+----------+---------------+
; SClear     ; Input    ; (1)           ;
; Clock      ; Input    ; (0)           ;
; Data       ; Input    ; (1)           ;
; output[49] ; Output   ; --            ;
; output[48] ; Output   ; --            ;
; output[47] ; Output   ; --            ;
; output[46] ; Output   ; --            ;
; output[45] ; Output   ; --            ;
; output[44] ; Output   ; --            ;
; output[43] ; Output   ; --            ;
; output[42] ; Output   ; --            ;
; output[41] ; Output   ; --            ;
; output[40] ; Output   ; --            ;
; output[39] ; Output   ; --            ;
; output[38] ; Output   ; --            ;
; output[37] ; Output   ; --            ;
; output[36] ; Output   ; --            ;
; output[35] ; Output   ; --            ;
; output[34] ; Output   ; --            ;
; output[33] ; Output   ; --            ;
; output[32] ; Output   ; --            ;
; output[31] ; Output   ; --            ;
; output[30] ; Output   ; --            ;
; output[29] ; Output   ; --            ;
; output[28] ; Output   ; --            ;
; output[27] ; Output   ; --            ;
; output[26] ; Output   ; --            ;
; output[25] ; Output   ; --            ;
; output[24] ; Output   ; --            ;
; output[23] ; Output   ; --            ;
; output[22] ; Output   ; --            ;
; output[21] ; Output   ; --            ;
; output[20] ; Output   ; --            ;
; output[19] ; Output   ; --            ;
; output[18] ; Output   ; --            ;
; output[17] ; Output   ; --            ;
; output[16] ; Output   ; --            ;
; output[15] ; Output   ; --            ;
; output[14] ; Output   ; --            ;
; output[13] ; Output   ; --            ;
; output[12] ; Output   ; --            ;
; output[11] ; Output   ; --            ;
; output[10] ; Output   ; --            ;
; output[9]  ; Output   ; --            ;
; output[8]  ; Output   ; --            ;
; output[7]  ; Output   ; --            ;
; output[6]  ; Output   ; --            ;
; output[5]  ; Output   ; --            ;
; output[4]  ; Output   ; --            ;
; output[3]  ; Output   ; --            ;
; output[2]  ; Output   ; --            ;
; output[1]  ; Output   ; --            ;
; output[0]  ; Output   ; --            ;
+------------+----------+---------------+


+---------------------------------------------------------------------------------------+
; Control Signals                                                                       ;
+-------+----------+---------+-------+--------+----------------------+------------------+
; Name  ; Location ; Fan-Out ; Usage ; Global ; Global Resource Used ; Global Line Name ;
+-------+----------+---------+-------+--------+----------------------+------------------+
; Clock ; PIN_12   ; 50      ; Clock ; yes    ; Global Clock         ; GCLK0            ;
+-------+----------+---------+-------+--------+----------------------+------------------+


+----------------------------------------------------------------------+
; Global & Other Fast Signals                                          ;
+-------+----------+---------+----------------------+------------------+
; Name  ; Location ; Fan-Out ; Global Resource Used ; Global Line Name ;
+-------+----------+---------+----------------------+------------------+
; Clock ; PIN_12   ; 50      ; Global Clock         ; GCLK0            ;
+-------+----------+---------+----------------------+------------------+


+---------------------------------------------------------------------------+
; Non-Global High Fan-Out Signals                                           ;
+-----------------------------------------------------------------+---------+
; Name                                                            ; Fan-Out ;
+-----------------------------------------------------------------+---------+
; SClear                                                          ; 50      ;
; lpm_shiftreg0:inst|lpm_shiftreg:LPM_SHIFTREG_component|dffs[0]  ; 2       ;
; lpm_shiftreg0:inst|lpm_shiftreg:LPM_SHIFTREG_component|dffs[1]  ; 2       ;
; lpm_shiftreg0:inst|lpm_shiftreg:LPM_SHIFTREG_component|dffs[2]  ; 2       ;
; lpm_shiftreg0:inst|lpm_shiftreg:LPM_SHIFTREG_component|dffs[3]  ; 2       ;
; lpm_shiftreg0:inst|lpm_shiftreg:LPM_SHIFTREG_component|dffs[4]  ; 2       ;
; lpm_shiftreg0:inst|lpm_shiftreg:LPM_SHIFTREG_component|dffs[5]  ; 2       ;
; lpm_shiftreg0:inst|lpm_shiftreg:LPM_SHIFTREG_component|dffs[6]  ; 2       ;
; lpm_shiftreg0:inst|lpm_shiftreg:LPM_SHIFTREG_component|dffs[7]  ; 2       ;
; lpm_shiftreg0:inst|lpm_shiftreg:LPM_SHIFTREG_component|dffs[8]  ; 2       ;
; lpm_shiftreg0:inst|lpm_shiftreg:LPM_SHIFTREG_component|dffs[9]  ; 2       ;
; lpm_shiftreg0:inst|lpm_shiftreg:LPM_SHIFTREG_component|dffs[10] ; 2       ;
; lpm_shiftreg0:inst|lpm_shiftreg:LPM_SHIFTREG_component|dffs[11] ; 2       ;
; lpm_shiftreg0:inst|lpm_shiftreg:LPM_SHIFTREG_component|dffs[12] ; 2       ;
; lpm_shiftreg0:inst|lpm_shiftreg:LPM_SHIFTREG_component|dffs[13] ; 2       ;
; lpm_shiftreg0:inst|lpm_shiftreg:LPM_SHIFTREG_component|dffs[14] ; 2       ;
; lpm_shiftreg0:inst|lpm_shiftreg:LPM_SHIFTREG_component|dffs[15] ; 2       ;
; lpm_shiftreg0:inst|lpm_shiftreg:LPM_SHIFTREG_component|dffs[16] ; 2       ;
; lpm_shiftreg0:inst|lpm_shiftreg:LPM_SHIFTREG_component|dffs[17] ; 2       ;
; lpm_shiftreg0:inst|lpm_shiftreg:LPM_SHIFTREG_component|dffs[18] ; 2       ;
; lpm_shiftreg0:inst|lpm_shiftreg:LPM_SHIFTREG_component|dffs[19] ; 2       ;
; lpm_shiftreg0:inst|lpm_shiftreg:LPM_SHIFTREG_component|dffs[20] ; 2       ;
; lpm_shiftreg0:inst|lpm_shiftreg:LPM_SHIFTREG_component|dffs[21] ; 2       ;
; lpm_shiftreg0:inst|lpm_shiftreg:LPM_SHIFTREG_component|dffs[22] ; 2       ;
; lpm_shiftreg0:inst|lpm_shiftreg:LPM_SHIFTREG_component|dffs[23] ; 2       ;
; lpm_shiftreg0:inst|lpm_shiftreg:LPM_SHIFTREG_component|dffs[24] ; 2       ;
; lpm_shiftreg0:inst|lpm_shiftreg:LPM_SHIFTREG_component|dffs[25] ; 2       ;
; lpm_shiftreg0:inst|lpm_shiftreg:LPM_SHIFTREG_component|dffs[26] ; 2       ;
; lpm_shiftreg0:inst|lpm_shiftreg:LPM_SHIFTREG_component|dffs[27] ; 2       ;
; lpm_shiftreg0:inst|lpm_shiftreg:LPM_SHIFTREG_component|dffs[28] ; 2       ;
; lpm_shiftreg0:inst|lpm_shiftreg:LPM_SHIFTREG_component|dffs[29] ; 2       ;
; lpm_shiftreg0:inst|lpm_shiftreg:LPM_SHIFTREG_component|dffs[30] ; 2       ;
; lpm_shiftreg0:inst|lpm_shiftreg:LPM_SHIFTREG_component|dffs[31] ; 2       ;
; lpm_shiftreg0:inst|lpm_shiftreg:LPM_SHIFTREG_component|dffs[32] ; 2       ;
; lpm_shiftreg0:inst|lpm_shiftreg:LPM_SHIFTREG_component|dffs[33] ; 2       ;
; lpm_shiftreg0:inst|lpm_shiftreg:LPM_SHIFTREG_component|dffs[34] ; 2       ;
; lpm_shiftreg0:inst|lpm_shiftreg:LPM_SHIFTREG_component|dffs[35] ; 2       ;
; lpm_shiftreg0:inst|lpm_shiftreg:LPM_SHIFTREG_component|dffs[36] ; 2       ;
; lpm_shiftreg0:inst|lpm_shiftreg:LPM_SHIFTREG_component|dffs[37] ; 2       ;
; lpm_shiftreg0:inst|lpm_shiftreg:LPM_SHIFTREG_component|dffs[38] ; 2       ;
; lpm_shiftreg0:inst|lpm_shiftreg:LPM_SHIFTREG_component|dffs[39] ; 2       ;
; lpm_shiftreg0:inst|lpm_shiftreg:LPM_SHIFTREG_component|dffs[40] ; 2       ;
; lpm_shiftreg0:inst|lpm_shiftreg:LPM_SHIFTREG_component|dffs[41] ; 2       ;
; lpm_shiftreg0:inst|lpm_shiftreg:LPM_SHIFTREG_component|dffs[42] ; 2       ;
; lpm_shiftreg0:inst|lpm_shiftreg:LPM_SHIFTREG_component|dffs[43] ; 2       ;
; lpm_shiftreg0:inst|lpm_shiftreg:LPM_SHIFTREG_component|dffs[44] ; 2       ;
; lpm_shiftreg0:inst|lpm_shiftreg:LPM_SHIFTREG_component|dffs[45] ; 2       ;
; lpm_shiftreg0:inst|lpm_shiftreg:LPM_SHIFTREG_component|dffs[46] ; 2       ;
; lpm_shiftreg0:inst|lpm_shiftreg:LPM_SHIFTREG_component|dffs[47] ; 2       ;
; lpm_shiftreg0:inst|lpm_shiftreg:LPM_SHIFTREG_component|dffs[48] ; 2       ;
; Data                                                            ; 1       ;
; lpm_shiftreg0:inst|lpm_shiftreg:LPM_SHIFTREG_component|dffs[49] ; 1       ;
+-----------------------------------------------------------------+---------+


+--------------------------------------------------+
; Interconnect Usage Summary                       ;
+----------------------------+---------------------+
; Interconnect Resource Type ; Usage               ;
+----------------------------+---------------------+
; C4s                        ; 46 / 1,624 ( 3 % )  ;
; Direct links               ; 3 / 1,930 ( < 1 % ) ;
; Global clocks              ; 1 / 4 ( 25 % )      ;
; LAB clocks                 ; 5 / 56 ( 9 % )      ;
; LUT chains                 ; 0 / 513 ( 0 % )     ;
; Local interconnects        ; 59 / 1,930 ( 3 % )  ;
; R4s                        ; 44 / 1,472 ( 3 % )  ;
+----------------------------+---------------------+


+---------------------------------------------------------------------------+
; LAB Logic Elements                                                        ;
+---------------------------------------------+-----------------------------+
; Number of Logic Elements  (Average = 10.00) ; Number of LABs  (Total = 5) ;
+---------------------------------------------+-----------------------------+
; 1                                           ; 0                           ;
; 2                                           ; 0                           ;
; 3                                           ; 0                           ;
; 4                                           ; 0                           ;
; 5                                           ; 0                           ;
; 6                                           ; 0                           ;
; 7                                           ; 0                           ;
; 8                                           ; 0                           ;
; 9                                           ; 0                           ;
; 10                                          ; 5                           ;
+---------------------------------------------+-----------------------------+


+------------------------------------------------------------------+
; LAB-wide Signals                                                 ;
+------------------------------------+-----------------------------+
; LAB-wide Signals  (Average = 1.00) ; Number of LABs  (Total = 5) ;
+------------------------------------+-----------------------------+
; 1 Clock                            ; 5                           ;
+------------------------------------+-----------------------------+


+----------------------------------------------------------------------------+
; LAB Signals Sourced                                                        ;
+----------------------------------------------+-----------------------------+
; Number of Signals Sourced  (Average = 10.00) ; Number of LABs  (Total = 5) ;
+----------------------------------------------+-----------------------------+
; 0                                            ; 0                           ;
; 1                                            ; 0                           ;
; 2                                            ; 0                           ;
; 3                                            ; 0                           ;
; 4                                            ; 0                           ;
; 5                                            ; 0                           ;
; 6                                            ; 0                           ;
; 7                                            ; 0                           ;
; 8                                            ; 0                           ;
; 9                                            ; 0                           ;
; 10                                           ; 5                           ;
+----------------------------------------------+-----------------------------+


+--------------------------------------------------------------------------------+
; LAB Signals Sourced Out                                                        ;
+--------------------------------------------------+-----------------------------+
; Number of Signals Sourced Out  (Average = 10.00) ; Number of LABs  (Total = 5) ;
+--------------------------------------------------+-----------------------------+
; 0                                                ; 0                           ;
; 1                                                ; 0                           ;
; 2                                                ; 0                           ;
; 3                                                ; 0                           ;
; 4                                                ; 0                           ;
; 5                                                ; 0                           ;
; 6                                                ; 0                           ;
; 7                                                ; 0                           ;
; 8                                                ; 0                           ;
; 9                                                ; 0                           ;
; 10                                               ; 5                           ;
+--------------------------------------------------+-----------------------------+


+---------------------------------------------------------------------------+
; LAB Distinct Inputs                                                       ;
+---------------------------------------------+-----------------------------+
; Number of Distinct Inputs  (Average = 3.00) ; Number of LABs  (Total = 5) ;
+---------------------------------------------+-----------------------------+
; 0                                           ; 0                           ;
; 1                                           ; 0                           ;
; 2                                           ; 0                           ;
; 3                                           ; 5                           ;
+---------------------------------------------+-----------------------------+


+-------------------------------------------------------------------------+
; Fitter Device Options                                                   ;
+----------------------------------------------+--------------------------+
; Option                                       ; Setting                  ;
+----------------------------------------------+--------------------------+
; Enable user-supplied start-up clock (CLKUSR) ; Off                      ;
; Enable device-wide reset (DEV_CLRn)          ; Off                      ;
; Enable device-wide output enable (DEV_OE)    ; Off                      ;
; Enable INIT_DONE output                      ; Off                      ;
; Configuration scheme                         ; Passive Serial           ;
; Reserve all unused pins                      ; As output driving ground ;
; Base pin-out file on sameframe device        ; Off                      ;
+----------------------------------------------+--------------------------+


+-----------------+
; Fitter Messages ;
+-----------------+
Info: *******************************************************************
Info: Running Quartus II 32-bit Fitter
    Info: Version 11.1 Build 216 11/23/2011 Service Pack 1 SJ Web Edition
    Info: Processing started: Sun Jan 01 16:44:29 2012
Info: Command: quartus_fit --read_settings_files=off --write_settings_files=off 50bit_shift_register -c 50bit_shift_register
Warning (20028): Parallel compilation is not licensed and has been disabled
Info (119006): Selected device EPM570T100C5 for design "50bit_shift_register"
Info (21077): Low junction temperature is 0 degrees C
Info (21077): High junction temperature is 85 degrees C
Info (171003): Fitter is performing an Auto Fit compilation, which may decrease Fitter effort to reduce compilation time
Warning (292013): Feature LogicLock is only available with a valid subscription license. You can purchase a software subscription to gain full access to this feature.
Info (176444): Device migration not selected. If you intend to use device migration later, you may need to change the pin assignments as they may be incompatible with other devices
    Info (176445): Device EPM240T100C5 is compatible
    Info (176445): Device EPM240T100I5 is compatible
    Info (176445): Device EPM240T100A5 is compatible
    Info (176445): Device EPM570T100I5 is compatible
    Info (176445): Device EPM570T100A5 is compatible
Critical Warning (169085): No exact pin location assignment(s) for 53 pins of 53 total pins
    Info (169086): Pin output[49] not assigned to an exact location on the device
    Info (169086): Pin output[48] not assigned to an exact location on the device
    Info (169086): Pin output[47] not assigned to an exact location on the device
    Info (169086): Pin output[46] not assigned to an exact location on the device
    Info (169086): Pin output[45] not assigned to an exact location on the device
    Info (169086): Pin output[44] not assigned to an exact location on the device
    Info (169086): Pin output[43] not assigned to an exact location on the device
    Info (169086): Pin output[42] not assigned to an exact location on the device
    Info (169086): Pin output[41] not assigned to an exact location on the device
    Info (169086): Pin output[40] not assigned to an exact location on the device
    Info (169086): Pin output[39] not assigned to an exact location on the device
    Info (169086): Pin output[38] not assigned to an exact location on the device
    Info (169086): Pin output[37] not assigned to an exact location on the device
    Info (169086): Pin output[36] not assigned to an exact location on the device
    Info (169086): Pin output[35] not assigned to an exact location on the device
    Info (169086): Pin output[34] not assigned to an exact location on the device
    Info (169086): Pin output[33] not assigned to an exact location on the device
    Info (169086): Pin output[32] not assigned to an exact location on the device
    Info (169086): Pin output[31] not assigned to an exact location on the device
    Info (169086): Pin output[30] not assigned to an exact location on the device
    Info (169086): Pin output[29] not assigned to an exact location on the device
    Info (169086): Pin output[28] not assigned to an exact location on the device
    Info (169086): Pin output[27] not assigned to an exact location on the device
    Info (169086): Pin output[26] not assigned to an exact location on the device
    Info (169086): Pin output[25] not assigned to an exact location on the device
    Info (169086): Pin output[24] not assigned to an exact location on the device
    Info (169086): Pin output[23] not assigned to an exact location on the device
    Info (169086): Pin output[22] not assigned to an exact location on the device
    Info (169086): Pin output[21] not assigned to an exact location on the device
    Info (169086): Pin output[20] not assigned to an exact location on the device
    Info (169086): Pin output[19] not assigned to an exact location on the device
    Info (169086): Pin output[18] not assigned to an exact location on the device
    Info (169086): Pin output[17] not assigned to an exact location on the device
    Info (169086): Pin output[16] not assigned to an exact location on the device
    Info (169086): Pin output[15] not assigned to an exact location on the device
    Info (169086): Pin output[14] not assigned to an exact location on the device
    Info (169086): Pin output[13] not assigned to an exact location on the device
    Info (169086): Pin output[12] not assigned to an exact location on the device
    Info (169086): Pin output[11] not assigned to an exact location on the device
    Info (169086): Pin output[10] not assigned to an exact location on the device
    Info (169086): Pin output[9] not assigned to an exact location on the device
    Info (169086): Pin output[8] not assigned to an exact location on the device
    Info (169086): Pin output[7] not assigned to an exact location on the device
    Info (169086): Pin output[6] not assigned to an exact location on the device
    Info (169086): Pin output[5] not assigned to an exact location on the device
    Info (169086): Pin output[4] not assigned to an exact location on the device
    Info (169086): Pin output[3] not assigned to an exact location on the device
    Info (169086): Pin output[2] not assigned to an exact location on the device
    Info (169086): Pin output[1] not assigned to an exact location on the device
    Info (169086): Pin output[0] not assigned to an exact location on the device
    Info (169086): Pin SClear not assigned to an exact location on the device
    Info (169086): Pin Clock not assigned to an exact location on the device
    Info (169086): Pin Data not assigned to an exact location on the device
Critical Warning (332012): Synopsys Design Constraints File file not found: '50bit_shift_register.sdc'. A Synopsys Design Constraints File is required by the TimeQuest Timing Analyzer to get proper timing constraints. Without it, the Compiler will not properly optimize the design.
Info (332144): No user constrained base clocks found in the design
Info (332128): Timing requirements not specified -- optimizing circuit to achieve the following default global requirements
    Info (332127): Assuming a default timing requirement
Info (332111): Found 1 clocks
    Info (332111):   Period   Clock Name
    Info (332111): ======== ============
    Info (332111):    1.000        Clock
Extra Info (176273): Performing register packing on registers with non-logic cell location assignments
Extra Info (176274): Completed register packing on registers with non-logic cell location assignments
Info (186079): Completed User Assigned Global Signals Promotion Operation
Info (186215): Automatically promoted signal "Clock" to use Global clock in PIN 12
Info (186079): Completed Auto Global Promotion Operation
Info (176234): Starting register packing
Info (186391): Fitter is using Normal packing mode for logic elements with Auto setting for Auto Packed Registers logic option
Extra Info (176244): Moving registers into LUTs to improve timing and density
Info (186468): Started processing fast register assignments
Info (186469): Finished processing fast register assignments
Extra Info (176245): Finished moving registers into LUTs: elapsed time is 00:00:00
Info (176235): Finished register packing
Info (176214): Statistics of I/O pins that need to be placed that use the same VCCIO and VREF, before I/O pin placement
    Info (176211): Number of I/O pins in group: 52 (unused VREF, 3.3V VCCIO, 2 input, 50 output, 0 bidirectional)
        Info (176212): I/O standards used: 3.3-V LVTTL.
Info (176215): I/O bank details before I/O pin placement
    Info (176214): Statistics of I/O banks
        Info (176213): I/O bank number 1 does not use VREF pins and has undetermined VCCIO pins. 1 total pin(s) used --  35 pins available
        Info (176213): I/O bank number 2 does not use VREF pins and has undetermined VCCIO pins. 0 total pin(s) used --  40 pins available
Info (171121): Fitter preparation operations ending: elapsed time is 00:00:01
Info (170189): Fitter placement preparation operations beginning
Info (170190): Fitter placement preparation operations ending: elapsed time is 00:00:00
Info (170191): Fitter placement operations beginning
Info (170137): Fitter placement was successful
Info (170192): Fitter placement operations ending: elapsed time is 00:00:01
Info (170193): Fitter routing operations beginning
Info (170195): Router estimated average interconnect usage is 3% of the available device resources
    Info (170196): Router estimated peak interconnect usage is 3% of the available device resources in the region that extends from location X0_Y0 to location X13_Y8
Info (170194): Fitter routing operations ending: elapsed time is 00:00:00
Info (170199): The Fitter performed an Auto Fit compilation.  Optimizations were skipped to reduce compilation time.
    Info (170201): Optimizations that may affect the design's routability were skipped
    Info (170200): Optimizations that may affect the design's timing were skipped
Warning (169174): The Reserve All Unused Pins setting has not been specified, and will default to 'As output driving ground'.
Info: Quartus II 32-bit Fitter was successful. 0 errors, 5 warnings
    Info: Peak virtual memory: 268 megabytes
    Info: Processing ended: Sun Jan 01 16:44:39 2012
    Info: Elapsed time: 00:00:10
    Info: Total CPU time (on all processors): 00:00:02


