Analysis & Synthesis report for 50bit_shift_register
Sun Jan 01 16:44:26 2012
Quartus II 32-bit Version 11.1 Build 216 11/23/2011 Service Pack 1 SJ Web Edition


---------------------
; Table of Contents ;
---------------------
  1. Legal Notice
  2. Analysis & Synthesis Summary
  3. Analysis & Synthesis Settings
  4. Analysis & Synthesis Source Files Read
  5. Analysis & Synthesis Resource Usage Summary
  6. Analysis & Synthesis Resource Utilization by Entity
  7. Analysis & Synthesis IP Cores Summary
  8. General Register Statistics
  9. Parameter Settings for User Entity Instance: lpm_shiftreg0:inst|lpm_shiftreg:LPM_SHIFTREG_component
 10. lpm_shiftreg Parameter Settings by Entity Instance
 11. Analysis & Synthesis Messages



----------------
; Legal Notice ;
----------------
Copyright (C) 1991-2011 Altera Corporation
Your use of Altera Corporation's design tools, logic functions 
and other software and tools, and its AMPP partner logic 
functions, and any output files from any of the foregoing 
(including device programming or simulation files), and any 
associated documentation or information are expressly subject 
to the terms and conditions of the Altera Program License 
Subscription Agreement, Altera MegaCore Function License 
Agreement, or other applicable license agreement, including, 
without limitation, that your use is for the sole purpose of 
programming logic devices manufactured by Altera and sold by 
Altera or its authorized distributors.  Please refer to the 
applicable agreement for further details.



+-----------------------------------------------------------------------------+
; Analysis & Synthesis Summary                                                ;
+-----------------------------+-----------------------------------------------+
; Analysis & Synthesis Status ; Successful - Sun Jan 01 16:44:26 2012         ;
; Quartus II 32-bit Version   ; 11.1 Build 216 11/23/2011 SP 1 SJ Web Edition ;
; Revision Name               ; 50bit_shift_register                          ;
; Top-level Entity Name       ; 50bit_shift_register                          ;
; Family                      ; MAX II                                        ;
; Total logic elements        ; 50                                            ;
; Total pins                  ; 53                                            ;
; Total virtual pins          ; 0                                             ;
; UFM blocks                  ; 0 / 1 ( 0 % )                                 ;
+-----------------------------+-----------------------------------------------+


+--------------------------------------------------------------------------------------------------------------------------+
; Analysis & Synthesis Settings                                                                                            ;
+----------------------------------------------------------------------------+----------------------+----------------------+
; Option                                                                     ; Setting              ; Default Value        ;
+----------------------------------------------------------------------------+----------------------+----------------------+
; Device                                                                     ; EPM570T100C5         ;                      ;
; Top-level entity name                                                      ; 50bit_shift_register ; 50bit_shift_register ;
; Family name                                                                ; MAX II               ; Cyclone IV GX        ;
; Use smart compilation                                                      ; Off                  ; Off                  ;
; Enable parallel Assembler and TimeQuest Timing Analyzer during compilation ; On                   ; On                   ;
; Enable compact report table                                                ; Off                  ; Off                  ;
; Restructure Multiplexers                                                   ; Auto                 ; Auto                 ;
; Create Debugging Nodes for IP Cores                                        ; Off                  ; Off                  ;
; Preserve fewer node names                                                  ; On                   ; On                   ;
; Disable OpenCore Plus hardware evaluation                                  ; Off                  ; Off                  ;
; Verilog Version                                                            ; Verilog_2001         ; Verilog_2001         ;
; VHDL Version                                                               ; VHDL_1993            ; VHDL_1993            ;
; State Machine Processing                                                   ; Auto                 ; Auto                 ;
; Safe State Machine                                                         ; Off                  ; Off                  ;
; Extract Verilog State Machines                                             ; On                   ; On                   ;
; Extract VHDL State Machines                                                ; On                   ; On                   ;
; Ignore Verilog initial constructs                                          ; Off                  ; Off                  ;
; Iteration limit for constant Verilog loops                                 ; 5000                 ; 5000                 ;
; Iteration limit for non-constant Verilog loops                             ; 250                  ; 250                  ;
; Add Pass-Through Logic to Inferred RAMs                                    ; On                   ; On                   ;
; Infer RAMs from Raw Logic                                                  ; On                   ; On                   ;
; Parallel Synthesis                                                         ; On                   ; On                   ;
; NOT Gate Push-Back                                                         ; On                   ; On                   ;
; Power-Up Don't Care                                                        ; On                   ; On                   ;
; Remove Redundant Logic Cells                                               ; Off                  ; Off                  ;
; Remove Duplicate Registers                                                 ; On                   ; On                   ;
; Ignore CARRY Buffers                                                       ; Off                  ; Off                  ;
; Ignore CASCADE Buffers                                                     ; Off                  ; Off                  ;
; Ignore GLOBAL Buffers                                                      ; Off                  ; Off                  ;
; Ignore ROW GLOBAL Buffers                                                  ; Off                  ; Off                  ;
; Ignore LCELL Buffers                                                       ; Off                  ; Off                  ;
; Ignore SOFT Buffers                                                        ; On                   ; On                   ;
; Limit AHDL Integers to 32 Bits                                             ; Off                  ; Off                  ;
; Optimization Technique                                                     ; Balanced             ; Balanced             ;
; Carry Chain Length                                                         ; 70                   ; 70                   ;
; Auto Carry Chains                                                          ; On                   ; On                   ;
; Auto Open-Drain Pins                                                       ; On                   ; On                   ;
; Perform WYSIWYG Primitive Resynthesis                                      ; Off                  ; Off                  ;
; Auto Shift Register Replacement                                            ; Auto                 ; Auto                 ;
; Allow Shift Register Merging across Hierarchies                            ; Auto                 ; Auto                 ;
; Auto Clock Enable Replacement                                              ; On                   ; On                   ;
; Allow Synchronous Control Signals                                          ; On                   ; On                   ;
; Force Use of Synchronous Clear Signals                                     ; Off                  ; Off                  ;
; Auto Resource Sharing                                                      ; Off                  ; Off                  ;
; Use LogicLock Constraints during Resource Balancing                        ; On                   ; On                   ;
; Ignore translate_off and synthesis_off directives                          ; Off                  ; Off                  ;
; Report Parameter Settings                                                  ; On                   ; On                   ;
; Report Source Assignments                                                  ; On                   ; On                   ;
; Report Connectivity Checks                                                 ; On                   ; On                   ;
; Ignore Maximum Fan-Out Assignments                                         ; Off                  ; Off                  ;
; Synchronization Register Chain Length                                      ; 2                    ; 2                    ;
; PowerPlay Power Optimization                                               ; Normal compilation   ; Normal compilation   ;
; HDL message level                                                          ; Level2               ; Level2               ;
; Suppress Register Optimization Related Messages                            ; Off                  ; Off                  ;
; Number of Removed Registers Reported in Synthesis Report                   ; 5000                 ; 5000                 ;
; Number of Inverted Registers Reported in Synthesis Report                  ; 100                  ; 100                  ;
; Clock MUX Protection                                                       ; On                   ; On                   ;
; Block Design Naming                                                        ; Auto                 ; Auto                 ;
; Synthesis Effort                                                           ; Auto                 ; Auto                 ;
; Shift Register Replacement - Allow Asynchronous Clear Signal               ; On                   ; On                   ;
; Analysis & Synthesis Message Level                                         ; Medium               ; Medium               ;
; Disable Register Merging Across Hierarchies                                ; Auto                 ; Auto                 ;
; Synthesis Seed                                                             ; 1                    ; 1                    ;
+----------------------------------------------------------------------------+----------------------+----------------------+


+--------------------------------------------------------------------------------------------------------------------------------------------------------------+
; Analysis & Synthesis Source Files Read                                                                                                                       ;
+----------------------------------+-----------------+------------------------------------+--------------------------------------------------------------------+
; File Name with User-Entered Path ; Used in Netlist ; File Type                          ; File Name with Absolute Path                                       ;
+----------------------------------+-----------------+------------------------------------+--------------------------------------------------------------------+
; lpm_shiftreg0.vhd                ; yes             ; User Wizard-Generated File         ; C:/Siska/CPLD/lpm_shiftreg0.vhd                                    ;
; 50bit_shift_register.bdf         ; yes             ; User Block Diagram/Schematic File  ; C:/Siska/CPLD/50bit_shift_register.bdf                             ;
; lpm_shiftreg.tdf                 ; yes             ; Megafunction                       ; c:/altera/11.1sp1/quartus/libraries/megafunctions/lpm_shiftreg.tdf ;
; lpm_constant.inc                 ; yes             ; Megafunction                       ; c:/altera/11.1sp1/quartus/libraries/megafunctions/lpm_constant.inc ;
; dffeea.inc                       ; yes             ; Megafunction                       ; c:/altera/11.1sp1/quartus/libraries/megafunctions/dffeea.inc       ;
; aglobal111.inc                   ; yes             ; Megafunction                       ; c:/altera/11.1sp1/quartus/libraries/megafunctions/aglobal111.inc   ;
+----------------------------------+-----------------+------------------------------------+--------------------------------------------------------------------+


+------------------------------------------------------+
; Analysis & Synthesis Resource Usage Summary          ;
+---------------------------------------------+--------+
; Resource                                    ; Usage  ;
+---------------------------------------------+--------+
; Total logic elements                        ; 50     ;
;     -- Combinational with no register       ; 0      ;
;     -- Register only                        ; 0      ;
;     -- Combinational with a register        ; 50     ;
;                                             ;        ;
; Logic element usage by number of LUT inputs ;        ;
;     -- 4 input functions                    ; 0      ;
;     -- 3 input functions                    ; 0      ;
;     -- 2 input functions                    ; 50     ;
;     -- 1 input functions                    ; 0      ;
;     -- 0 input functions                    ; 0      ;
;                                             ;        ;
; Logic elements by mode                      ;        ;
;     -- normal mode                          ; 50     ;
;     -- arithmetic mode                      ; 0      ;
;     -- qfbk mode                            ; 0      ;
;     -- register cascade mode                ; 0      ;
;     -- synchronous clear/load mode          ; 0      ;
;     -- asynchronous clear/load mode         ; 0      ;
;                                             ;        ;
; Total registers                             ; 50     ;
; I/O pins                                    ; 53     ;
; Maximum fan-out node                        ; SClear ;
; Maximum fan-out                             ; 50     ;
; Total fan-out                               ; 200    ;
; Average fan-out                             ; 1.94   ;
+---------------------------------------------+--------+


+------------------------------------------------------------------------------------------------------------------------------------------------------------------------------------------------------------------------------------------------------------------------------------------------+
; Analysis & Synthesis Resource Utilization by Entity                                                                                                                                                                                                                                            ;
+---------------------------------------------+-------------+--------------+------------+------+--------------+--------------+-------------------+------------------+-----------------+------------+------------------------------------------------------------------------------+--------------+
; Compilation Hierarchy Node                  ; Logic Cells ; LC Registers ; UFM Blocks ; Pins ; Virtual Pins ; LUT-Only LCs ; Register-Only LCs ; LUT/Register LCs ; Carry Chain LCs ; Packed LCs ; Full Hierarchy Name                                                          ; Library Name ;
+---------------------------------------------+-------------+--------------+------------+------+--------------+--------------+-------------------+------------------+-----------------+------------+------------------------------------------------------------------------------+--------------+
; |50bit_shift_register                       ; 50 (0)      ; 50           ; 0          ; 53   ; 0            ; 0 (0)        ; 0 (0)             ; 50 (0)           ; 0 (0)           ; 0 (0)      ; |50bit_shift_register                                                        ; work         ;
;    |lpm_shiftreg0:inst|                     ; 50 (0)      ; 50           ; 0          ; 0    ; 0            ; 0 (0)        ; 0 (0)             ; 50 (0)           ; 0 (0)           ; 0 (0)      ; |50bit_shift_register|lpm_shiftreg0:inst                                     ; work         ;
;       |lpm_shiftreg:LPM_SHIFTREG_component| ; 50 (50)     ; 50           ; 0          ; 0    ; 0            ; 0 (0)        ; 0 (0)             ; 50 (50)          ; 0 (0)           ; 0 (0)      ; |50bit_shift_register|lpm_shiftreg0:inst|lpm_shiftreg:LPM_SHIFTREG_component ; work         ;
+---------------------------------------------+-------------+--------------+------------+------+--------------+--------------+-------------------+------------------+-----------------+------------+------------------------------------------------------------------------------+--------------+
Note: For table entries with two numbers listed, the numbers in parentheses indicate the number of resources of the given type used by the specific entity alone. The numbers listed outside of parentheses indicate the total resources of the given type used by the specific entity and all of its sub-entities in the hierarchy.


+--------------------------------------------------------------------------------------------------------------------------------------------+
; Analysis & Synthesis IP Cores Summary                                                                                                      ;
+--------+--------------+---------+--------------+--------------+------------------------------------------+---------------------------------+
; Vendor ; IP Core Name ; Version ; Release Date ; License Type ; Entity Instance                          ; IP Include File                 ;
+--------+--------------+---------+--------------+--------------+------------------------------------------+---------------------------------+
; Altera ; LPM_SHIFTREG ; 11.1    ; N/A          ; N/A          ; |50bit_shift_register|lpm_shiftreg0:inst ; C:/Siska/CPLD/lpm_shiftreg0.vhd ;
+--------+--------------+---------+--------------+--------------+------------------------------------------+---------------------------------+


+------------------------------------------------------+
; General Register Statistics                          ;
+----------------------------------------------+-------+
; Statistic                                    ; Value ;
+----------------------------------------------+-------+
; Total registers                              ; 50    ;
; Number of registers using Synchronous Clear  ; 0     ;
; Number of registers using Synchronous Load   ; 0     ;
; Number of registers using Asynchronous Clear ; 0     ;
; Number of registers using Asynchronous Load  ; 0     ;
; Number of registers using Clock Enable       ; 0     ;
; Number of registers using Preset             ; 0     ;
+----------------------------------------------+-------+


+-----------------------------------------------------------------------------------------------------+
; Parameter Settings for User Entity Instance: lpm_shiftreg0:inst|lpm_shiftreg:LPM_SHIFTREG_component ;
+------------------------+--------+-------------------------------------------------------------------+
; Parameter Name         ; Value  ; Type                                                              ;
+------------------------+--------+-------------------------------------------------------------------+
; LPM_WIDTH              ; 50     ; Signed Integer                                                    ;
; LPM_DIRECTION          ; LEFT   ; Untyped                                                           ;
; LPM_AVALUE             ; UNUSED ; Untyped                                                           ;
; LPM_SVALUE             ; UNUSED ; Untyped                                                           ;
; DEVICE_FAMILY          ; MAX II ; Untyped                                                           ;
; AUTO_CARRY_CHAINS      ; ON     ; AUTO_CARRY                                                        ;
; IGNORE_CARRY_BUFFERS   ; OFF    ; IGNORE_CARRY                                                      ;
; AUTO_CASCADE_CHAINS    ; ON     ; AUTO_CASCADE                                                      ;
; IGNORE_CASCADE_BUFFERS ; OFF    ; IGNORE_CASCADE                                                    ;
+------------------------+--------+-------------------------------------------------------------------+
Note: In order to hide this table in the UI and the text report file, please set the "Show Parameter Settings in Synthesis Report" option in "Analysis and Synthesis Settings -> More Settings" to "Off".


+-------------------------------------------------------------------------------------+
; lpm_shiftreg Parameter Settings by Entity Instance                                  ;
+----------------------------+--------------------------------------------------------+
; Name                       ; Value                                                  ;
+----------------------------+--------------------------------------------------------+
; Number of entity instances ; 1                                                      ;
; Entity Instance            ; lpm_shiftreg0:inst|lpm_shiftreg:LPM_SHIFTREG_component ;
;     -- LPM_WIDTH           ; 50                                                     ;
;     -- LPM_DIRECTION       ; LEFT                                                   ;
+----------------------------+--------------------------------------------------------+


+-------------------------------+
; Analysis & Synthesis Messages ;
+-------------------------------+
Info: *******************************************************************
Info: Running Quartus II 32-bit Analysis & Synthesis
    Info: Version 11.1 Build 216 11/23/2011 Service Pack 1 SJ Web Edition
    Info: Processing started: Sun Jan 01 16:44:20 2012
Info: Command: quartus_map --read_settings_files=on --write_settings_files=off 50bit_shift_register -c 50bit_shift_register
Warning (20028): Parallel compilation is not licensed and has been disabled
Info (12021): Found 2 design units, including 1 entities, in source file lpm_shiftreg0.vhd
    Info (12022): Found design unit 1: lpm_shiftreg0-SYN
    Info (12023): Found entity 1: lpm_shiftreg0
Info (12021): Found 1 design units, including 1 entities, in source file 50bit_shift_register.bdf
    Info (12023): Found entity 1: 50bit_shift_register
Info (12127): Elaborating entity "50bit_shift_register" for the top level hierarchy
Info (12128): Elaborating entity "lpm_shiftreg0" for hierarchy "lpm_shiftreg0:inst"
Info (12128): Elaborating entity "lpm_shiftreg" for hierarchy "lpm_shiftreg0:inst|lpm_shiftreg:LPM_SHIFTREG_component"
Info (12130): Elaborated megafunction instantiation "lpm_shiftreg0:inst|lpm_shiftreg:LPM_SHIFTREG_component"
Info (12133): Instantiated megafunction "lpm_shiftreg0:inst|lpm_shiftreg:LPM_SHIFTREG_component" with the following parameter:
    Info (12134): Parameter "lpm_direction" = "LEFT"
    Info (12134): Parameter "lpm_type" = "LPM_SHIFTREG"
    Info (12134): Parameter "lpm_width" = "50"
Info (21057): Implemented 103 device resources after synthesis - the final resource count might be different
    Info (21058): Implemented 3 input pins
    Info (21059): Implemented 50 output pins
    Info (21061): Implemented 50 logic cells
Info: Quartus II 32-bit Analysis & Synthesis was successful. 0 errors, 1 warning
    Info: Peak virtual memory: 267 megabytes
    Info: Processing ended: Sun Jan 01 16:44:27 2012
    Info: Elapsed time: 00:00:07
    Info: Total CPU time (on all processors): 00:00:04


