Flow report for 50bit_shift_register
Sun Jan 01 16:44:50 2012
Quartus II 32-bit Version 11.1 Build 216 11/23/2011 Service Pack 1 SJ Web Edition


---------------------
; Table of Contents ;
---------------------
  1. Legal Notice
  2. Flow Summary
  3. Flow Settings
  4. Flow Non-Default Global Settings
  5. Flow Elapsed Time
  6. Flow OS Summary
  7. Flow Log



----------------
; Legal Notice ;
----------------
Copyright (C) 1991-2011 Altera Corporation
Your use of Altera Corporation's design tools, logic functions 
and other software and tools, and its AMPP partner logic 
functions, and any output files from any of the foregoing 
(including device programming or simulation files), and any 
associated documentation or information are expressly subject 
to the terms and conditions of the Altera Program License 
Subscription Agreement, Altera MegaCore Function License 
Agreement, or other applicable license agreement, including, 
without limitation, that your use is for the sole purpose of 
programming logic devices manufactured by Altera and sold by 
Altera or its authorized distributors.  Please refer to the 
applicable agreement for further details.



+---------------------------------------------------------------------------+
; Flow Summary                                                              ;
+---------------------------+-----------------------------------------------+
; Flow Status               ; Successful - Sun Jan 01 16:44:50 2012         ;
; Quartus II 32-bit Version ; 11.1 Build 216 11/23/2011 SP 1 SJ Web Edition ;
; Revision Name             ; 50bit_shift_register                          ;
; Top-level Entity Name     ; 50bit_shift_register                          ;
; Family                    ; MAX II                                        ;
; Device                    ; EPM570T100C5                                  ;
; Timing Models             ; Final                                         ;
; Total logic elements      ; 50 / 570 ( 9 % )                              ;
; Total pins                ; 53 / 76 ( 70 % )                              ;
; Total virtual pins        ; 0                                             ;
; UFM blocks                ; 0 / 1 ( 0 % )                                 ;
+---------------------------+-----------------------------------------------+


+------------------------------------------+
; Flow Settings                            ;
+-------------------+----------------------+
; Option            ; Setting              ;
+-------------------+----------------------+
; Start date & time ; 01/01/2012 16:44:21  ;
; Main task         ; Compilation          ;
; Revision Name     ; 50bit_shift_register ;
+-------------------+----------------------+


+----------------------------------------------------------------------------------------------------------------+
; Flow Non-Default Global Settings                                                                               ;
+---------------------------------------+-----------------------------+---------------+-------------+------------+
; Assignment Name                       ; Value                       ; Default Value ; Entity Name ; Section Id ;
+---------------------------------------+-----------------------------+---------------+-------------+------------+
; COMPILER_SIGNATURE_ID                 ; 73174131479.132540386101512 ; --            ; --          ; --         ;
; IP_TOOL_NAME                          ; LPM_SHIFTREG                ; --            ; --          ; --         ;
; IP_TOOL_VERSION                       ; 11.1                        ; --            ; --          ; --         ;
; MAX_CORE_JUNCTION_TEMP                ; 85                          ; --            ; --          ; --         ;
; MIN_CORE_JUNCTION_TEMP                ; 0                           ; --            ; --          ; --         ;
; MISC_FILE                             ; lpm_shiftreg0.bsf           ; --            ; --          ; --         ;
; MISC_FILE                             ; lpm_shiftreg0.cmp           ; --            ; --          ; --         ;
; POWER_EXT_SUPPLY_VOLTAGE_TO_REGULATOR ; 3.3V                        ; --            ; --          ; --         ;
+---------------------------------------+-----------------------------+---------------+-------------+------------+


+-------------------------------------------------------------------------------------------------------------------------------+
; Flow Elapsed Time                                                                                                             ;
+---------------------------+--------------+-------------------------+---------------------+------------------------------------+
; Module Name               ; Elapsed Time ; Average Processors Used ; Peak Virtual Memory ; Total CPU Time (on all processors) ;
+---------------------------+--------------+-------------------------+---------------------+------------------------------------+
; Analysis & Synthesis      ; 00:00:06     ; 1.0                     ; 267 MB              ; 00:00:04                           ;
; Fitter                    ; 00:00:10     ; 1.0                     ; 268 MB              ; 00:00:02                           ;
; TimeQuest Timing Analyzer ; 00:00:06     ; 1.0                     ; 206 MB              ; 00:00:02                           ;
; Assembler                 ; 00:00:03     ; 1.0                     ; 221 MB              ; 00:00:01                           ;
; Total                     ; 00:00:25     ; --                      ; --                  ; 00:00:09                           ;
+---------------------------+--------------+-------------------------+---------------------+------------------------------------+


+-----------------------------------------------------------------------------------------+
; Flow OS Summary                                                                         ;
+---------------------------+------------------+------------+------------+----------------+
; Module Name               ; Machine Hostname ; OS Name    ; OS Version ; Processor type ;
+---------------------------+------------------+------------+------------+----------------+
; Analysis & Synthesis      ; d6iawhyh9bpih3r  ; Windows XP ; 5.1        ; i1586          ;
; Fitter                    ; d6iawhyh9bpih3r  ; Windows XP ; 5.1        ; i1586          ;
; TimeQuest Timing Analyzer ; d6iawhyh9bpih3r  ; Windows XP ; 5.1        ; i1586          ;
; Assembler                 ; d6iawhyh9bpih3r  ; Windows XP ; 5.1        ; i1586          ;
+---------------------------+------------------+------------+------------+----------------+


------------
; Flow Log ;
------------
quartus_map --read_settings_files=on --write_settings_files=off 50bit_shift_register -c 50bit_shift_register
quartus_fit --read_settings_files=off --write_settings_files=off 50bit_shift_register -c 50bit_shift_register
quartus_sta 50bit_shift_register -c 50bit_shift_register
quartus_asm --read_settings_files=off --write_settings_files=off 50bit_shift_register -c 50bit_shift_register



