TimeQuest Timing Analyzer report for 50bit_shift_register
Sun Jan 01 16:44:48 2012
Quartus II 32-bit Version 11.1 Build 216 11/23/2011 Service Pack 1 SJ Web Edition


---------------------
; Table of Contents ;
---------------------
  1. Legal Notice
  2. TimeQuest Timing Analyzer Summary
  3. Clocks
  4. Fmax Summary
  5. Setup Summary
  6. Hold Summary
  7. Recovery Summary
  8. Removal Summary
  9. Minimum Pulse Width Summary
 10. Setup: 'Clock'
 11. Hold: 'Clock'
 12. Minimum Pulse Width: 'Clock'
 13. Setup Times
 14. Hold Times
 15. Clock to Output Times
 16. Minimum Clock to Output Times
 17. Setup Transfers
 18. Hold Transfers
 19. Report TCCS
 20. Report RSKM
 21. Unconstrained Paths
 22. TimeQuest Timing Analyzer Messages



----------------
; Legal Notice ;
----------------
Copyright (C) 1991-2011 Altera Corporation
Your use of Altera Corporation's design tools, logic functions 
and other software and tools, and its AMPP partner logic 
functions, and any output files from any of the foregoing 
(including device programming or simulation files), and any 
associated documentation or information are expressly subject 
to the terms and conditions of the Altera Program License 
Subscription Agreement, Altera MegaCore Function License 
Agreement, or other applicable license agreement, including, 
without limitation, that your use is for the sole purpose of 
programming logic devices manufactured by Altera and sold by 
Altera or its authorized distributors.  Please refer to the 
applicable agreement for further details.



+--------------------------------------------------------------------------------------+
; TimeQuest Timing Analyzer Summary                                                    ;
+--------------------+-----------------------------------------------------------------+
; Quartus II Version ; Version 11.1 Build 216 11/23/2011 Service Pack 1 SJ Web Edition ;
; Revision Name      ; 50bit_shift_register                                            ;
; Device Family      ; MAX II                                                          ;
; Device Name        ; EPM570T100C5                                                    ;
; Timing Models      ; Final                                                           ;
; Delay Model        ; Slow Model                                                      ;
; Rise/Fall Delays   ; Unavailable                                                     ;
+--------------------+-----------------------------------------------------------------+


+-----------------------------------------------------------------------------------------------------------------------------------------------------------------------------------+
; Clocks                                                                                                                                                                            ;
+------------+------+--------+------------+-------+-------+------------+-----------+-------------+-------+--------+-----------+------------+----------+--------+--------+-----------+
; Clock Name ; Type ; Period ; Frequency  ; Rise  ; Fall  ; Duty Cycle ; Divide by ; Multiply by ; Phase ; Offset ; Edge List ; Edge Shift ; Inverted ; Master ; Source ; Targets   ;
+------------+------+--------+------------+-------+-------+------------+-----------+-------------+-------+--------+-----------+------------+----------+--------+--------+-----------+
; Clock      ; Base ; 1.000  ; 1000.0 MHz ; 0.000 ; 0.500 ;            ;           ;             ;       ;        ;           ;            ;          ;        ;        ; { Clock } ;
+------------+------+--------+------------+-------+-------+------------+-----------+-------------+-------+--------+-----------+------------+----------+--------+--------+-----------+


+--------------------------------------------------+
; Fmax Summary                                     ;
+------------+-----------------+------------+------+
; Fmax       ; Restricted Fmax ; Clock Name ; Note ;
+------------+-----------------+------------+------+
; 253.68 MHz ; 253.68 MHz      ; Clock      ;      ;
+------------+-----------------+------------+------+
This panel reports FMAX for every clock in the design, regardless of the user-specified clock periods.  FMAX is only computed for paths where the source and destination registers or ports are driven by the same clock.  Paths of different clocks, including generated clocks, are ignored.  For paths between a clock and its inversion, FMAX is computed as if the rising and falling edges are scaled along with FMAX, such that the duty cycle (in terms of a percentage) is maintained. Altera recommends that you always use clock constraints and other slack reports for sign-off analysis.


+--------------------------------+
; Setup Summary                  ;
+-------+--------+---------------+
; Clock ; Slack  ; End Point TNS ;
+-------+--------+---------------+
; Clock ; -2.942 ; -73.591       ;
+-------+--------+---------------+


+-------------------------------+
; Hold Summary                  ;
+-------+-------+---------------+
; Clock ; Slack ; End Point TNS ;
+-------+-------+---------------+
; Clock ; 1.650 ; 0.000         ;
+-------+-------+---------------+


--------------------
; Recovery Summary ;
--------------------
No paths to report.


-------------------
; Removal Summary ;
-------------------
No paths to report.


+--------------------------------+
; Minimum Pulse Width Summary    ;
+-------+--------+---------------+
; Clock ; Slack  ; End Point TNS ;
+-------+--------+---------------+
; Clock ; -2.289 ; -2.289        ;
+-------+--------+---------------+


+------------------------------------------------------------------------------------------------------------------------------------------------------------------------------------------------------------------+
; Setup: 'Clock'                                                                                                                                                                                                   ;
+--------+-----------------------------------------------------------------+-----------------------------------------------------------------+--------------+-------------+--------------+------------+------------+
; Slack  ; From Node                                                       ; To Node                                                         ; Launch Clock ; Latch Clock ; Relationship ; Clock Skew ; Data Delay ;
+--------+-----------------------------------------------------------------+-----------------------------------------------------------------+--------------+-------------+--------------+------------+------------+
; -2.942 ; lpm_shiftreg0:inst|lpm_shiftreg:LPM_SHIFTREG_component|dffs[19] ; lpm_shiftreg0:inst|lpm_shiftreg:LPM_SHIFTREG_component|dffs[20] ; Clock        ; Clock       ; 1.000        ; 0.000      ; 3.609      ;
; -2.730 ; lpm_shiftreg0:inst|lpm_shiftreg:LPM_SHIFTREG_component|dffs[9]  ; lpm_shiftreg0:inst|lpm_shiftreg:LPM_SHIFTREG_component|dffs[10] ; Clock        ; Clock       ; 1.000        ; 0.000      ; 3.397      ;
; -2.338 ; lpm_shiftreg0:inst|lpm_shiftreg:LPM_SHIFTREG_component|dffs[39] ; lpm_shiftreg0:inst|lpm_shiftreg:LPM_SHIFTREG_component|dffs[40] ; Clock        ; Clock       ; 1.000        ; 0.000      ; 3.005      ;
; -2.165 ; lpm_shiftreg0:inst|lpm_shiftreg:LPM_SHIFTREG_component|dffs[29] ; lpm_shiftreg0:inst|lpm_shiftreg:LPM_SHIFTREG_component|dffs[30] ; Clock        ; Clock       ; 1.000        ; 0.000      ; 2.832      ;
; -1.688 ; lpm_shiftreg0:inst|lpm_shiftreg:LPM_SHIFTREG_component|dffs[8]  ; lpm_shiftreg0:inst|lpm_shiftreg:LPM_SHIFTREG_component|dffs[9]  ; Clock        ; Clock       ; 1.000        ; 0.000      ; 2.355      ;
; -1.687 ; lpm_shiftreg0:inst|lpm_shiftreg:LPM_SHIFTREG_component|dffs[26] ; lpm_shiftreg0:inst|lpm_shiftreg:LPM_SHIFTREG_component|dffs[27] ; Clock        ; Clock       ; 1.000        ; 0.000      ; 2.354      ;
; -1.687 ; lpm_shiftreg0:inst|lpm_shiftreg:LPM_SHIFTREG_component|dffs[16] ; lpm_shiftreg0:inst|lpm_shiftreg:LPM_SHIFTREG_component|dffs[17] ; Clock        ; Clock       ; 1.000        ; 0.000      ; 2.354      ;
; -1.687 ; lpm_shiftreg0:inst|lpm_shiftreg:LPM_SHIFTREG_component|dffs[14] ; lpm_shiftreg0:inst|lpm_shiftreg:LPM_SHIFTREG_component|dffs[15] ; Clock        ; Clock       ; 1.000        ; 0.000      ; 2.354      ;
; -1.685 ; lpm_shiftreg0:inst|lpm_shiftreg:LPM_SHIFTREG_component|dffs[2]  ; lpm_shiftreg0:inst|lpm_shiftreg:LPM_SHIFTREG_component|dffs[3]  ; Clock        ; Clock       ; 1.000        ; 0.000      ; 2.352      ;
; -1.683 ; lpm_shiftreg0:inst|lpm_shiftreg:LPM_SHIFTREG_component|dffs[22] ; lpm_shiftreg0:inst|lpm_shiftreg:LPM_SHIFTREG_component|dffs[23] ; Clock        ; Clock       ; 1.000        ; 0.000      ; 2.350      ;
; -1.683 ; lpm_shiftreg0:inst|lpm_shiftreg:LPM_SHIFTREG_component|dffs[10] ; lpm_shiftreg0:inst|lpm_shiftreg:LPM_SHIFTREG_component|dffs[11] ; Clock        ; Clock       ; 1.000        ; 0.000      ; 2.350      ;
; -1.681 ; lpm_shiftreg0:inst|lpm_shiftreg:LPM_SHIFTREG_component|dffs[24] ; lpm_shiftreg0:inst|lpm_shiftreg:LPM_SHIFTREG_component|dffs[25] ; Clock        ; Clock       ; 1.000        ; 0.000      ; 2.348      ;
; -1.471 ; lpm_shiftreg0:inst|lpm_shiftreg:LPM_SHIFTREG_component|dffs[43] ; lpm_shiftreg0:inst|lpm_shiftreg:LPM_SHIFTREG_component|dffs[44] ; Clock        ; Clock       ; 1.000        ; 0.000      ; 2.138      ;
; -1.471 ; lpm_shiftreg0:inst|lpm_shiftreg:LPM_SHIFTREG_component|dffs[28] ; lpm_shiftreg0:inst|lpm_shiftreg:LPM_SHIFTREG_component|dffs[29] ; Clock        ; Clock       ; 1.000        ; 0.000      ; 2.138      ;
; -1.471 ; lpm_shiftreg0:inst|lpm_shiftreg:LPM_SHIFTREG_component|dffs[12] ; lpm_shiftreg0:inst|lpm_shiftreg:LPM_SHIFTREG_component|dffs[13] ; Clock        ; Clock       ; 1.000        ; 0.000      ; 2.138      ;
; -1.470 ; lpm_shiftreg0:inst|lpm_shiftreg:LPM_SHIFTREG_component|dffs[44] ; lpm_shiftreg0:inst|lpm_shiftreg:LPM_SHIFTREG_component|dffs[45] ; Clock        ; Clock       ; 1.000        ; 0.000      ; 2.137      ;
; -1.470 ; lpm_shiftreg0:inst|lpm_shiftreg:LPM_SHIFTREG_component|dffs[13] ; lpm_shiftreg0:inst|lpm_shiftreg:LPM_SHIFTREG_component|dffs[14] ; Clock        ; Clock       ; 1.000        ; 0.000      ; 2.137      ;
; -1.469 ; lpm_shiftreg0:inst|lpm_shiftreg:LPM_SHIFTREG_component|dffs[31] ; lpm_shiftreg0:inst|lpm_shiftreg:LPM_SHIFTREG_component|dffs[32] ; Clock        ; Clock       ; 1.000        ; 0.000      ; 2.136      ;
; -1.469 ; lpm_shiftreg0:inst|lpm_shiftreg:LPM_SHIFTREG_component|dffs[23] ; lpm_shiftreg0:inst|lpm_shiftreg:LPM_SHIFTREG_component|dffs[24] ; Clock        ; Clock       ; 1.000        ; 0.000      ; 2.136      ;
; -1.469 ; lpm_shiftreg0:inst|lpm_shiftreg:LPM_SHIFTREG_component|dffs[15] ; lpm_shiftreg0:inst|lpm_shiftreg:LPM_SHIFTREG_component|dffs[16] ; Clock        ; Clock       ; 1.000        ; 0.000      ; 2.136      ;
; -1.469 ; lpm_shiftreg0:inst|lpm_shiftreg:LPM_SHIFTREG_component|dffs[7]  ; lpm_shiftreg0:inst|lpm_shiftreg:LPM_SHIFTREG_component|dffs[8]  ; Clock        ; Clock       ; 1.000        ; 0.000      ; 2.136      ;
; -1.467 ; lpm_shiftreg0:inst|lpm_shiftreg:LPM_SHIFTREG_component|dffs[45] ; lpm_shiftreg0:inst|lpm_shiftreg:LPM_SHIFTREG_component|dffs[46] ; Clock        ; Clock       ; 1.000        ; 0.000      ; 2.134      ;
; -1.467 ; lpm_shiftreg0:inst|lpm_shiftreg:LPM_SHIFTREG_component|dffs[38] ; lpm_shiftreg0:inst|lpm_shiftreg:LPM_SHIFTREG_component|dffs[39] ; Clock        ; Clock       ; 1.000        ; 0.000      ; 2.134      ;
; -1.467 ; lpm_shiftreg0:inst|lpm_shiftreg:LPM_SHIFTREG_component|dffs[37] ; lpm_shiftreg0:inst|lpm_shiftreg:LPM_SHIFTREG_component|dffs[38] ; Clock        ; Clock       ; 1.000        ; 0.000      ; 2.134      ;
; -1.467 ; lpm_shiftreg0:inst|lpm_shiftreg:LPM_SHIFTREG_component|dffs[20] ; lpm_shiftreg0:inst|lpm_shiftreg:LPM_SHIFTREG_component|dffs[21] ; Clock        ; Clock       ; 1.000        ; 0.000      ; 2.134      ;
; -1.467 ; lpm_shiftreg0:inst|lpm_shiftreg:LPM_SHIFTREG_component|dffs[4]  ; lpm_shiftreg0:inst|lpm_shiftreg:LPM_SHIFTREG_component|dffs[5]  ; Clock        ; Clock       ; 1.000        ; 0.000      ; 2.134      ;
; -1.466 ; lpm_shiftreg0:inst|lpm_shiftreg:LPM_SHIFTREG_component|dffs[33] ; lpm_shiftreg0:inst|lpm_shiftreg:LPM_SHIFTREG_component|dffs[34] ; Clock        ; Clock       ; 1.000        ; 0.000      ; 2.133      ;
; -1.466 ; lpm_shiftreg0:inst|lpm_shiftreg:LPM_SHIFTREG_component|dffs[11] ; lpm_shiftreg0:inst|lpm_shiftreg:LPM_SHIFTREG_component|dffs[12] ; Clock        ; Clock       ; 1.000        ; 0.000      ; 2.133      ;
; -1.465 ; lpm_shiftreg0:inst|lpm_shiftreg:LPM_SHIFTREG_component|dffs[21] ; lpm_shiftreg0:inst|lpm_shiftreg:LPM_SHIFTREG_component|dffs[22] ; Clock        ; Clock       ; 1.000        ; 0.000      ; 2.132      ;
; -1.465 ; lpm_shiftreg0:inst|lpm_shiftreg:LPM_SHIFTREG_component|dffs[1]  ; lpm_shiftreg0:inst|lpm_shiftreg:LPM_SHIFTREG_component|dffs[2]  ; Clock        ; Clock       ; 1.000        ; 0.000      ; 2.132      ;
; -1.464 ; lpm_shiftreg0:inst|lpm_shiftreg:LPM_SHIFTREG_component|dffs[46] ; lpm_shiftreg0:inst|lpm_shiftreg:LPM_SHIFTREG_component|dffs[47] ; Clock        ; Clock       ; 1.000        ; 0.000      ; 2.131      ;
; -1.464 ; lpm_shiftreg0:inst|lpm_shiftreg:LPM_SHIFTREG_component|dffs[5]  ; lpm_shiftreg0:inst|lpm_shiftreg:LPM_SHIFTREG_component|dffs[6]  ; Clock        ; Clock       ; 1.000        ; 0.000      ; 2.131      ;
; -1.220 ; lpm_shiftreg0:inst|lpm_shiftreg:LPM_SHIFTREG_component|dffs[48] ; lpm_shiftreg0:inst|lpm_shiftreg:LPM_SHIFTREG_component|dffs[49] ; Clock        ; Clock       ; 1.000        ; 0.000      ; 1.887      ;
; -1.220 ; lpm_shiftreg0:inst|lpm_shiftreg:LPM_SHIFTREG_component|dffs[30] ; lpm_shiftreg0:inst|lpm_shiftreg:LPM_SHIFTREG_component|dffs[31] ; Clock        ; Clock       ; 1.000        ; 0.000      ; 1.887      ;
; -1.216 ; lpm_shiftreg0:inst|lpm_shiftreg:LPM_SHIFTREG_component|dffs[41] ; lpm_shiftreg0:inst|lpm_shiftreg:LPM_SHIFTREG_component|dffs[42] ; Clock        ; Clock       ; 1.000        ; 0.000      ; 1.883      ;
; -1.216 ; lpm_shiftreg0:inst|lpm_shiftreg:LPM_SHIFTREG_component|dffs[3]  ; lpm_shiftreg0:inst|lpm_shiftreg:LPM_SHIFTREG_component|dffs[4]  ; Clock        ; Clock       ; 1.000        ; 0.000      ; 1.883      ;
; -1.214 ; lpm_shiftreg0:inst|lpm_shiftreg:LPM_SHIFTREG_component|dffs[36] ; lpm_shiftreg0:inst|lpm_shiftreg:LPM_SHIFTREG_component|dffs[37] ; Clock        ; Clock       ; 1.000        ; 0.000      ; 1.881      ;
; -1.213 ; lpm_shiftreg0:inst|lpm_shiftreg:LPM_SHIFTREG_component|dffs[47] ; lpm_shiftreg0:inst|lpm_shiftreg:LPM_SHIFTREG_component|dffs[48] ; Clock        ; Clock       ; 1.000        ; 0.000      ; 1.880      ;
; -1.213 ; lpm_shiftreg0:inst|lpm_shiftreg:LPM_SHIFTREG_component|dffs[32] ; lpm_shiftreg0:inst|lpm_shiftreg:LPM_SHIFTREG_component|dffs[33] ; Clock        ; Clock       ; 1.000        ; 0.000      ; 1.880      ;
; -1.209 ; lpm_shiftreg0:inst|lpm_shiftreg:LPM_SHIFTREG_component|dffs[42] ; lpm_shiftreg0:inst|lpm_shiftreg:LPM_SHIFTREG_component|dffs[43] ; Clock        ; Clock       ; 1.000        ; 0.000      ; 1.876      ;
; -1.209 ; lpm_shiftreg0:inst|lpm_shiftreg:LPM_SHIFTREG_component|dffs[27] ; lpm_shiftreg0:inst|lpm_shiftreg:LPM_SHIFTREG_component|dffs[28] ; Clock        ; Clock       ; 1.000        ; 0.000      ; 1.876      ;
; -1.209 ; lpm_shiftreg0:inst|lpm_shiftreg:LPM_SHIFTREG_component|dffs[0]  ; lpm_shiftreg0:inst|lpm_shiftreg:LPM_SHIFTREG_component|dffs[1]  ; Clock        ; Clock       ; 1.000        ; 0.000      ; 1.876      ;
; -1.208 ; lpm_shiftreg0:inst|lpm_shiftreg:LPM_SHIFTREG_component|dffs[18] ; lpm_shiftreg0:inst|lpm_shiftreg:LPM_SHIFTREG_component|dffs[19] ; Clock        ; Clock       ; 1.000        ; 0.000      ; 1.875      ;
; -1.207 ; lpm_shiftreg0:inst|lpm_shiftreg:LPM_SHIFTREG_component|dffs[34] ; lpm_shiftreg0:inst|lpm_shiftreg:LPM_SHIFTREG_component|dffs[35] ; Clock        ; Clock       ; 1.000        ; 0.000      ; 1.874      ;
; -1.207 ; lpm_shiftreg0:inst|lpm_shiftreg:LPM_SHIFTREG_component|dffs[17] ; lpm_shiftreg0:inst|lpm_shiftreg:LPM_SHIFTREG_component|dffs[18] ; Clock        ; Clock       ; 1.000        ; 0.000      ; 1.874      ;
; -1.207 ; lpm_shiftreg0:inst|lpm_shiftreg:LPM_SHIFTREG_component|dffs[6]  ; lpm_shiftreg0:inst|lpm_shiftreg:LPM_SHIFTREG_component|dffs[7]  ; Clock        ; Clock       ; 1.000        ; 0.000      ; 1.874      ;
; -1.205 ; lpm_shiftreg0:inst|lpm_shiftreg:LPM_SHIFTREG_component|dffs[25] ; lpm_shiftreg0:inst|lpm_shiftreg:LPM_SHIFTREG_component|dffs[26] ; Clock        ; Clock       ; 1.000        ; 0.000      ; 1.872      ;
; -1.204 ; lpm_shiftreg0:inst|lpm_shiftreg:LPM_SHIFTREG_component|dffs[40] ; lpm_shiftreg0:inst|lpm_shiftreg:LPM_SHIFTREG_component|dffs[41] ; Clock        ; Clock       ; 1.000        ; 0.000      ; 1.871      ;
; -1.204 ; lpm_shiftreg0:inst|lpm_shiftreg:LPM_SHIFTREG_component|dffs[35] ; lpm_shiftreg0:inst|lpm_shiftreg:LPM_SHIFTREG_component|dffs[36] ; Clock        ; Clock       ; 1.000        ; 0.000      ; 1.871      ;
+--------+-----------------------------------------------------------------+-----------------------------------------------------------------+--------------+-------------+--------------+------------+------------+


+-----------------------------------------------------------------------------------------------------------------------------------------------------------------------------------------------------------------+
; Hold: 'Clock'                                                                                                                                                                                                   ;
+-------+-----------------------------------------------------------------+-----------------------------------------------------------------+--------------+-------------+--------------+------------+------------+
; Slack ; From Node                                                       ; To Node                                                         ; Launch Clock ; Latch Clock ; Relationship ; Clock Skew ; Data Delay ;
+-------+-----------------------------------------------------------------+-----------------------------------------------------------------+--------------+-------------+--------------+------------+------------+
; 1.650 ; lpm_shiftreg0:inst|lpm_shiftreg:LPM_SHIFTREG_component|dffs[40] ; lpm_shiftreg0:inst|lpm_shiftreg:LPM_SHIFTREG_component|dffs[41] ; Clock        ; Clock       ; 0.000        ; 0.000      ; 1.871      ;
; 1.650 ; lpm_shiftreg0:inst|lpm_shiftreg:LPM_SHIFTREG_component|dffs[35] ; lpm_shiftreg0:inst|lpm_shiftreg:LPM_SHIFTREG_component|dffs[36] ; Clock        ; Clock       ; 0.000        ; 0.000      ; 1.871      ;
; 1.651 ; lpm_shiftreg0:inst|lpm_shiftreg:LPM_SHIFTREG_component|dffs[25] ; lpm_shiftreg0:inst|lpm_shiftreg:LPM_SHIFTREG_component|dffs[26] ; Clock        ; Clock       ; 0.000        ; 0.000      ; 1.872      ;
; 1.653 ; lpm_shiftreg0:inst|lpm_shiftreg:LPM_SHIFTREG_component|dffs[34] ; lpm_shiftreg0:inst|lpm_shiftreg:LPM_SHIFTREG_component|dffs[35] ; Clock        ; Clock       ; 0.000        ; 0.000      ; 1.874      ;
; 1.653 ; lpm_shiftreg0:inst|lpm_shiftreg:LPM_SHIFTREG_component|dffs[17] ; lpm_shiftreg0:inst|lpm_shiftreg:LPM_SHIFTREG_component|dffs[18] ; Clock        ; Clock       ; 0.000        ; 0.000      ; 1.874      ;
; 1.653 ; lpm_shiftreg0:inst|lpm_shiftreg:LPM_SHIFTREG_component|dffs[6]  ; lpm_shiftreg0:inst|lpm_shiftreg:LPM_SHIFTREG_component|dffs[7]  ; Clock        ; Clock       ; 0.000        ; 0.000      ; 1.874      ;
; 1.654 ; lpm_shiftreg0:inst|lpm_shiftreg:LPM_SHIFTREG_component|dffs[18] ; lpm_shiftreg0:inst|lpm_shiftreg:LPM_SHIFTREG_component|dffs[19] ; Clock        ; Clock       ; 0.000        ; 0.000      ; 1.875      ;
; 1.655 ; lpm_shiftreg0:inst|lpm_shiftreg:LPM_SHIFTREG_component|dffs[42] ; lpm_shiftreg0:inst|lpm_shiftreg:LPM_SHIFTREG_component|dffs[43] ; Clock        ; Clock       ; 0.000        ; 0.000      ; 1.876      ;
; 1.655 ; lpm_shiftreg0:inst|lpm_shiftreg:LPM_SHIFTREG_component|dffs[27] ; lpm_shiftreg0:inst|lpm_shiftreg:LPM_SHIFTREG_component|dffs[28] ; Clock        ; Clock       ; 0.000        ; 0.000      ; 1.876      ;
; 1.655 ; lpm_shiftreg0:inst|lpm_shiftreg:LPM_SHIFTREG_component|dffs[0]  ; lpm_shiftreg0:inst|lpm_shiftreg:LPM_SHIFTREG_component|dffs[1]  ; Clock        ; Clock       ; 0.000        ; 0.000      ; 1.876      ;
; 1.659 ; lpm_shiftreg0:inst|lpm_shiftreg:LPM_SHIFTREG_component|dffs[47] ; lpm_shiftreg0:inst|lpm_shiftreg:LPM_SHIFTREG_component|dffs[48] ; Clock        ; Clock       ; 0.000        ; 0.000      ; 1.880      ;
; 1.659 ; lpm_shiftreg0:inst|lpm_shiftreg:LPM_SHIFTREG_component|dffs[32] ; lpm_shiftreg0:inst|lpm_shiftreg:LPM_SHIFTREG_component|dffs[33] ; Clock        ; Clock       ; 0.000        ; 0.000      ; 1.880      ;
; 1.660 ; lpm_shiftreg0:inst|lpm_shiftreg:LPM_SHIFTREG_component|dffs[36] ; lpm_shiftreg0:inst|lpm_shiftreg:LPM_SHIFTREG_component|dffs[37] ; Clock        ; Clock       ; 0.000        ; 0.000      ; 1.881      ;
; 1.662 ; lpm_shiftreg0:inst|lpm_shiftreg:LPM_SHIFTREG_component|dffs[41] ; lpm_shiftreg0:inst|lpm_shiftreg:LPM_SHIFTREG_component|dffs[42] ; Clock        ; Clock       ; 0.000        ; 0.000      ; 1.883      ;
; 1.662 ; lpm_shiftreg0:inst|lpm_shiftreg:LPM_SHIFTREG_component|dffs[3]  ; lpm_shiftreg0:inst|lpm_shiftreg:LPM_SHIFTREG_component|dffs[4]  ; Clock        ; Clock       ; 0.000        ; 0.000      ; 1.883      ;
; 1.666 ; lpm_shiftreg0:inst|lpm_shiftreg:LPM_SHIFTREG_component|dffs[48] ; lpm_shiftreg0:inst|lpm_shiftreg:LPM_SHIFTREG_component|dffs[49] ; Clock        ; Clock       ; 0.000        ; 0.000      ; 1.887      ;
; 1.666 ; lpm_shiftreg0:inst|lpm_shiftreg:LPM_SHIFTREG_component|dffs[30] ; lpm_shiftreg0:inst|lpm_shiftreg:LPM_SHIFTREG_component|dffs[31] ; Clock        ; Clock       ; 0.000        ; 0.000      ; 1.887      ;
; 1.910 ; lpm_shiftreg0:inst|lpm_shiftreg:LPM_SHIFTREG_component|dffs[46] ; lpm_shiftreg0:inst|lpm_shiftreg:LPM_SHIFTREG_component|dffs[47] ; Clock        ; Clock       ; 0.000        ; 0.000      ; 2.131      ;
; 1.910 ; lpm_shiftreg0:inst|lpm_shiftreg:LPM_SHIFTREG_component|dffs[5]  ; lpm_shiftreg0:inst|lpm_shiftreg:LPM_SHIFTREG_component|dffs[6]  ; Clock        ; Clock       ; 0.000        ; 0.000      ; 2.131      ;
; 1.911 ; lpm_shiftreg0:inst|lpm_shiftreg:LPM_SHIFTREG_component|dffs[21] ; lpm_shiftreg0:inst|lpm_shiftreg:LPM_SHIFTREG_component|dffs[22] ; Clock        ; Clock       ; 0.000        ; 0.000      ; 2.132      ;
; 1.911 ; lpm_shiftreg0:inst|lpm_shiftreg:LPM_SHIFTREG_component|dffs[1]  ; lpm_shiftreg0:inst|lpm_shiftreg:LPM_SHIFTREG_component|dffs[2]  ; Clock        ; Clock       ; 0.000        ; 0.000      ; 2.132      ;
; 1.912 ; lpm_shiftreg0:inst|lpm_shiftreg:LPM_SHIFTREG_component|dffs[33] ; lpm_shiftreg0:inst|lpm_shiftreg:LPM_SHIFTREG_component|dffs[34] ; Clock        ; Clock       ; 0.000        ; 0.000      ; 2.133      ;
; 1.912 ; lpm_shiftreg0:inst|lpm_shiftreg:LPM_SHIFTREG_component|dffs[11] ; lpm_shiftreg0:inst|lpm_shiftreg:LPM_SHIFTREG_component|dffs[12] ; Clock        ; Clock       ; 0.000        ; 0.000      ; 2.133      ;
; 1.913 ; lpm_shiftreg0:inst|lpm_shiftreg:LPM_SHIFTREG_component|dffs[45] ; lpm_shiftreg0:inst|lpm_shiftreg:LPM_SHIFTREG_component|dffs[46] ; Clock        ; Clock       ; 0.000        ; 0.000      ; 2.134      ;
; 1.913 ; lpm_shiftreg0:inst|lpm_shiftreg:LPM_SHIFTREG_component|dffs[38] ; lpm_shiftreg0:inst|lpm_shiftreg:LPM_SHIFTREG_component|dffs[39] ; Clock        ; Clock       ; 0.000        ; 0.000      ; 2.134      ;
; 1.913 ; lpm_shiftreg0:inst|lpm_shiftreg:LPM_SHIFTREG_component|dffs[37] ; lpm_shiftreg0:inst|lpm_shiftreg:LPM_SHIFTREG_component|dffs[38] ; Clock        ; Clock       ; 0.000        ; 0.000      ; 2.134      ;
; 1.913 ; lpm_shiftreg0:inst|lpm_shiftreg:LPM_SHIFTREG_component|dffs[20] ; lpm_shiftreg0:inst|lpm_shiftreg:LPM_SHIFTREG_component|dffs[21] ; Clock        ; Clock       ; 0.000        ; 0.000      ; 2.134      ;
; 1.913 ; lpm_shiftreg0:inst|lpm_shiftreg:LPM_SHIFTREG_component|dffs[4]  ; lpm_shiftreg0:inst|lpm_shiftreg:LPM_SHIFTREG_component|dffs[5]  ; Clock        ; Clock       ; 0.000        ; 0.000      ; 2.134      ;
; 1.915 ; lpm_shiftreg0:inst|lpm_shiftreg:LPM_SHIFTREG_component|dffs[31] ; lpm_shiftreg0:inst|lpm_shiftreg:LPM_SHIFTREG_component|dffs[32] ; Clock        ; Clock       ; 0.000        ; 0.000      ; 2.136      ;
; 1.915 ; lpm_shiftreg0:inst|lpm_shiftreg:LPM_SHIFTREG_component|dffs[23] ; lpm_shiftreg0:inst|lpm_shiftreg:LPM_SHIFTREG_component|dffs[24] ; Clock        ; Clock       ; 0.000        ; 0.000      ; 2.136      ;
; 1.915 ; lpm_shiftreg0:inst|lpm_shiftreg:LPM_SHIFTREG_component|dffs[15] ; lpm_shiftreg0:inst|lpm_shiftreg:LPM_SHIFTREG_component|dffs[16] ; Clock        ; Clock       ; 0.000        ; 0.000      ; 2.136      ;
; 1.915 ; lpm_shiftreg0:inst|lpm_shiftreg:LPM_SHIFTREG_component|dffs[7]  ; lpm_shiftreg0:inst|lpm_shiftreg:LPM_SHIFTREG_component|dffs[8]  ; Clock        ; Clock       ; 0.000        ; 0.000      ; 2.136      ;
; 1.916 ; lpm_shiftreg0:inst|lpm_shiftreg:LPM_SHIFTREG_component|dffs[44] ; lpm_shiftreg0:inst|lpm_shiftreg:LPM_SHIFTREG_component|dffs[45] ; Clock        ; Clock       ; 0.000        ; 0.000      ; 2.137      ;
; 1.916 ; lpm_shiftreg0:inst|lpm_shiftreg:LPM_SHIFTREG_component|dffs[13] ; lpm_shiftreg0:inst|lpm_shiftreg:LPM_SHIFTREG_component|dffs[14] ; Clock        ; Clock       ; 0.000        ; 0.000      ; 2.137      ;
; 1.917 ; lpm_shiftreg0:inst|lpm_shiftreg:LPM_SHIFTREG_component|dffs[43] ; lpm_shiftreg0:inst|lpm_shiftreg:LPM_SHIFTREG_component|dffs[44] ; Clock        ; Clock       ; 0.000        ; 0.000      ; 2.138      ;
; 1.917 ; lpm_shiftreg0:inst|lpm_shiftreg:LPM_SHIFTREG_component|dffs[28] ; lpm_shiftreg0:inst|lpm_shiftreg:LPM_SHIFTREG_component|dffs[29] ; Clock        ; Clock       ; 0.000        ; 0.000      ; 2.138      ;
; 1.917 ; lpm_shiftreg0:inst|lpm_shiftreg:LPM_SHIFTREG_component|dffs[12] ; lpm_shiftreg0:inst|lpm_shiftreg:LPM_SHIFTREG_component|dffs[13] ; Clock        ; Clock       ; 0.000        ; 0.000      ; 2.138      ;
; 2.127 ; lpm_shiftreg0:inst|lpm_shiftreg:LPM_SHIFTREG_component|dffs[24] ; lpm_shiftreg0:inst|lpm_shiftreg:LPM_SHIFTREG_component|dffs[25] ; Clock        ; Clock       ; 0.000        ; 0.000      ; 2.348      ;
; 2.129 ; lpm_shiftreg0:inst|lpm_shiftreg:LPM_SHIFTREG_component|dffs[22] ; lpm_shiftreg0:inst|lpm_shiftreg:LPM_SHIFTREG_component|dffs[23] ; Clock        ; Clock       ; 0.000        ; 0.000      ; 2.350      ;
; 2.129 ; lpm_shiftreg0:inst|lpm_shiftreg:LPM_SHIFTREG_component|dffs[10] ; lpm_shiftreg0:inst|lpm_shiftreg:LPM_SHIFTREG_component|dffs[11] ; Clock        ; Clock       ; 0.000        ; 0.000      ; 2.350      ;
; 2.131 ; lpm_shiftreg0:inst|lpm_shiftreg:LPM_SHIFTREG_component|dffs[2]  ; lpm_shiftreg0:inst|lpm_shiftreg:LPM_SHIFTREG_component|dffs[3]  ; Clock        ; Clock       ; 0.000        ; 0.000      ; 2.352      ;
; 2.133 ; lpm_shiftreg0:inst|lpm_shiftreg:LPM_SHIFTREG_component|dffs[26] ; lpm_shiftreg0:inst|lpm_shiftreg:LPM_SHIFTREG_component|dffs[27] ; Clock        ; Clock       ; 0.000        ; 0.000      ; 2.354      ;
; 2.133 ; lpm_shiftreg0:inst|lpm_shiftreg:LPM_SHIFTREG_component|dffs[16] ; lpm_shiftreg0:inst|lpm_shiftreg:LPM_SHIFTREG_component|dffs[17] ; Clock        ; Clock       ; 0.000        ; 0.000      ; 2.354      ;
; 2.133 ; lpm_shiftreg0:inst|lpm_shiftreg:LPM_SHIFTREG_component|dffs[14] ; lpm_shiftreg0:inst|lpm_shiftreg:LPM_SHIFTREG_component|dffs[15] ; Clock        ; Clock       ; 0.000        ; 0.000      ; 2.354      ;
; 2.134 ; lpm_shiftreg0:inst|lpm_shiftreg:LPM_SHIFTREG_component|dffs[8]  ; lpm_shiftreg0:inst|lpm_shiftreg:LPM_SHIFTREG_component|dffs[9]  ; Clock        ; Clock       ; 0.000        ; 0.000      ; 2.355      ;
; 2.611 ; lpm_shiftreg0:inst|lpm_shiftreg:LPM_SHIFTREG_component|dffs[29] ; lpm_shiftreg0:inst|lpm_shiftreg:LPM_SHIFTREG_component|dffs[30] ; Clock        ; Clock       ; 0.000        ; 0.000      ; 2.832      ;
; 2.784 ; lpm_shiftreg0:inst|lpm_shiftreg:LPM_SHIFTREG_component|dffs[39] ; lpm_shiftreg0:inst|lpm_shiftreg:LPM_SHIFTREG_component|dffs[40] ; Clock        ; Clock       ; 0.000        ; 0.000      ; 3.005      ;
; 3.176 ; lpm_shiftreg0:inst|lpm_shiftreg:LPM_SHIFTREG_component|dffs[9]  ; lpm_shiftreg0:inst|lpm_shiftreg:LPM_SHIFTREG_component|dffs[10] ; Clock        ; Clock       ; 0.000        ; 0.000      ; 3.397      ;
; 3.388 ; lpm_shiftreg0:inst|lpm_shiftreg:LPM_SHIFTREG_component|dffs[19] ; lpm_shiftreg0:inst|lpm_shiftreg:LPM_SHIFTREG_component|dffs[20] ; Clock        ; Clock       ; 0.000        ; 0.000      ; 3.609      ;
+-------+-----------------------------------------------------------------+-----------------------------------------------------------------+--------------+-------------+--------------+------------+------------+


+--------------------------------------------------------------------------------------------------------------------------------------------------+
; Minimum Pulse Width: 'Clock'                                                                                                                     ;
+--------+--------------+----------------+------------------+-------+------------+-----------------------------------------------------------------+
; Slack  ; Actual Width ; Required Width ; Type             ; Clock ; Clock Edge ; Target                                                          ;
+--------+--------------+----------------+------------------+-------+------------+-----------------------------------------------------------------+
; -2.289 ; 1.000        ; 3.289          ; Port Rate        ; Clock ; Rise       ; Clock                                                           ;
; 0.234  ; 0.500        ; 0.266          ; High Pulse Width ; Clock ; Rise       ; lpm_shiftreg0:inst|lpm_shiftreg:LPM_SHIFTREG_component|dffs[0]  ;
; 0.234  ; 0.500        ; 0.266          ; Low Pulse Width  ; Clock ; Rise       ; lpm_shiftreg0:inst|lpm_shiftreg:LPM_SHIFTREG_component|dffs[0]  ;
; 0.234  ; 0.500        ; 0.266          ; High Pulse Width ; Clock ; Rise       ; lpm_shiftreg0:inst|lpm_shiftreg:LPM_SHIFTREG_component|dffs[10] ;
; 0.234  ; 0.500        ; 0.266          ; Low Pulse Width  ; Clock ; Rise       ; lpm_shiftreg0:inst|lpm_shiftreg:LPM_SHIFTREG_component|dffs[10] ;
; 0.234  ; 0.500        ; 0.266          ; High Pulse Width ; Clock ; Rise       ; lpm_shiftreg0:inst|lpm_shiftreg:LPM_SHIFTREG_component|dffs[11] ;
; 0.234  ; 0.500        ; 0.266          ; Low Pulse Width  ; Clock ; Rise       ; lpm_shiftreg0:inst|lpm_shiftreg:LPM_SHIFTREG_component|dffs[11] ;
; 0.234  ; 0.500        ; 0.266          ; High Pulse Width ; Clock ; Rise       ; lpm_shiftreg0:inst|lpm_shiftreg:LPM_SHIFTREG_component|dffs[12] ;
; 0.234  ; 0.500        ; 0.266          ; Low Pulse Width  ; Clock ; Rise       ; lpm_shiftreg0:inst|lpm_shiftreg:LPM_SHIFTREG_component|dffs[12] ;
; 0.234  ; 0.500        ; 0.266          ; High Pulse Width ; Clock ; Rise       ; lpm_shiftreg0:inst|lpm_shiftreg:LPM_SHIFTREG_component|dffs[13] ;
; 0.234  ; 0.500        ; 0.266          ; Low Pulse Width  ; Clock ; Rise       ; lpm_shiftreg0:inst|lpm_shiftreg:LPM_SHIFTREG_component|dffs[13] ;
; 0.234  ; 0.500        ; 0.266          ; High Pulse Width ; Clock ; Rise       ; lpm_shiftreg0:inst|lpm_shiftreg:LPM_SHIFTREG_component|dffs[14] ;
; 0.234  ; 0.500        ; 0.266          ; Low Pulse Width  ; Clock ; Rise       ; lpm_shiftreg0:inst|lpm_shiftreg:LPM_SHIFTREG_component|dffs[14] ;
; 0.234  ; 0.500        ; 0.266          ; High Pulse Width ; Clock ; Rise       ; lpm_shiftreg0:inst|lpm_shiftreg:LPM_SHIFTREG_component|dffs[15] ;
; 0.234  ; 0.500        ; 0.266          ; Low Pulse Width  ; Clock ; Rise       ; lpm_shiftreg0:inst|lpm_shiftreg:LPM_SHIFTREG_component|dffs[15] ;
; 0.234  ; 0.500        ; 0.266          ; High Pulse Width ; Clock ; Rise       ; lpm_shiftreg0:inst|lpm_shiftreg:LPM_SHIFTREG_component|dffs[16] ;
; 0.234  ; 0.500        ; 0.266          ; Low Pulse Width  ; Clock ; Rise       ; lpm_shiftreg0:inst|lpm_shiftreg:LPM_SHIFTREG_component|dffs[16] ;
; 0.234  ; 0.500        ; 0.266          ; High Pulse Width ; Clock ; Rise       ; lpm_shiftreg0:inst|lpm_shiftreg:LPM_SHIFTREG_component|dffs[17] ;
; 0.234  ; 0.500        ; 0.266          ; Low Pulse Width  ; Clock ; Rise       ; lpm_shiftreg0:inst|lpm_shiftreg:LPM_SHIFTREG_component|dffs[17] ;
; 0.234  ; 0.500        ; 0.266          ; High Pulse Width ; Clock ; Rise       ; lpm_shiftreg0:inst|lpm_shiftreg:LPM_SHIFTREG_component|dffs[18] ;
; 0.234  ; 0.500        ; 0.266          ; Low Pulse Width  ; Clock ; Rise       ; lpm_shiftreg0:inst|lpm_shiftreg:LPM_SHIFTREG_component|dffs[18] ;
; 0.234  ; 0.500        ; 0.266          ; High Pulse Width ; Clock ; Rise       ; lpm_shiftreg0:inst|lpm_shiftreg:LPM_SHIFTREG_component|dffs[19] ;
; 0.234  ; 0.500        ; 0.266          ; Low Pulse Width  ; Clock ; Rise       ; lpm_shiftreg0:inst|lpm_shiftreg:LPM_SHIFTREG_component|dffs[19] ;
; 0.234  ; 0.500        ; 0.266          ; High Pulse Width ; Clock ; Rise       ; lpm_shiftreg0:inst|lpm_shiftreg:LPM_SHIFTREG_component|dffs[1]  ;
; 0.234  ; 0.500        ; 0.266          ; Low Pulse Width  ; Clock ; Rise       ; lpm_shiftreg0:inst|lpm_shiftreg:LPM_SHIFTREG_component|dffs[1]  ;
; 0.234  ; 0.500        ; 0.266          ; High Pulse Width ; Clock ; Rise       ; lpm_shiftreg0:inst|lpm_shiftreg:LPM_SHIFTREG_component|dffs[20] ;
; 0.234  ; 0.500        ; 0.266          ; Low Pulse Width  ; Clock ; Rise       ; lpm_shiftreg0:inst|lpm_shiftreg:LPM_SHIFTREG_component|dffs[20] ;
; 0.234  ; 0.500        ; 0.266          ; High Pulse Width ; Clock ; Rise       ; lpm_shiftreg0:inst|lpm_shiftreg:LPM_SHIFTREG_component|dffs[21] ;
; 0.234  ; 0.500        ; 0.266          ; Low Pulse Width  ; Clock ; Rise       ; lpm_shiftreg0:inst|lpm_shiftreg:LPM_SHIFTREG_component|dffs[21] ;
; 0.234  ; 0.500        ; 0.266          ; High Pulse Width ; Clock ; Rise       ; lpm_shiftreg0:inst|lpm_shiftreg:LPM_SHIFTREG_component|dffs[22] ;
; 0.234  ; 0.500        ; 0.266          ; Low Pulse Width  ; Clock ; Rise       ; lpm_shiftreg0:inst|lpm_shiftreg:LPM_SHIFTREG_component|dffs[22] ;
; 0.234  ; 0.500        ; 0.266          ; High Pulse Width ; Clock ; Rise       ; lpm_shiftreg0:inst|lpm_shiftreg:LPM_SHIFTREG_component|dffs[23] ;
; 0.234  ; 0.500        ; 0.266          ; Low Pulse Width  ; Clock ; Rise       ; lpm_shiftreg0:inst|lpm_shiftreg:LPM_SHIFTREG_component|dffs[23] ;
; 0.234  ; 0.500        ; 0.266          ; High Pulse Width ; Clock ; Rise       ; lpm_shiftreg0:inst|lpm_shiftreg:LPM_SHIFTREG_component|dffs[24] ;
; 0.234  ; 0.500        ; 0.266          ; Low Pulse Width  ; Clock ; Rise       ; lpm_shiftreg0:inst|lpm_shiftreg:LPM_SHIFTREG_component|dffs[24] ;
; 0.234  ; 0.500        ; 0.266          ; High Pulse Width ; Clock ; Rise       ; lpm_shiftreg0:inst|lpm_shiftreg:LPM_SHIFTREG_component|dffs[25] ;
; 0.234  ; 0.500        ; 0.266          ; Low Pulse Width  ; Clock ; Rise       ; lpm_shiftreg0:inst|lpm_shiftreg:LPM_SHIFTREG_component|dffs[25] ;
; 0.234  ; 0.500        ; 0.266          ; High Pulse Width ; Clock ; Rise       ; lpm_shiftreg0:inst|lpm_shiftreg:LPM_SHIFTREG_component|dffs[26] ;
; 0.234  ; 0.500        ; 0.266          ; Low Pulse Width  ; Clock ; Rise       ; lpm_shiftreg0:inst|lpm_shiftreg:LPM_SHIFTREG_component|dffs[26] ;
; 0.234  ; 0.500        ; 0.266          ; High Pulse Width ; Clock ; Rise       ; lpm_shiftreg0:inst|lpm_shiftreg:LPM_SHIFTREG_component|dffs[27] ;
; 0.234  ; 0.500        ; 0.266          ; Low Pulse Width  ; Clock ; Rise       ; lpm_shiftreg0:inst|lpm_shiftreg:LPM_SHIFTREG_component|dffs[27] ;
; 0.234  ; 0.500        ; 0.266          ; High Pulse Width ; Clock ; Rise       ; lpm_shiftreg0:inst|lpm_shiftreg:LPM_SHIFTREG_component|dffs[28] ;
; 0.234  ; 0.500        ; 0.266          ; Low Pulse Width  ; Clock ; Rise       ; lpm_shiftreg0:inst|lpm_shiftreg:LPM_SHIFTREG_component|dffs[28] ;
; 0.234  ; 0.500        ; 0.266          ; High Pulse Width ; Clock ; Rise       ; lpm_shiftreg0:inst|lpm_shiftreg:LPM_SHIFTREG_component|dffs[29] ;
; 0.234  ; 0.500        ; 0.266          ; Low Pulse Width  ; Clock ; Rise       ; lpm_shiftreg0:inst|lpm_shiftreg:LPM_SHIFTREG_component|dffs[29] ;
; 0.234  ; 0.500        ; 0.266          ; High Pulse Width ; Clock ; Rise       ; lpm_shiftreg0:inst|lpm_shiftreg:LPM_SHIFTREG_component|dffs[2]  ;
; 0.234  ; 0.500        ; 0.266          ; Low Pulse Width  ; Clock ; Rise       ; lpm_shiftreg0:inst|lpm_shiftreg:LPM_SHIFTREG_component|dffs[2]  ;
; 0.234  ; 0.500        ; 0.266          ; High Pulse Width ; Clock ; Rise       ; lpm_shiftreg0:inst|lpm_shiftreg:LPM_SHIFTREG_component|dffs[30] ;
; 0.234  ; 0.500        ; 0.266          ; Low Pulse Width  ; Clock ; Rise       ; lpm_shiftreg0:inst|lpm_shiftreg:LPM_SHIFTREG_component|dffs[30] ;
; 0.234  ; 0.500        ; 0.266          ; High Pulse Width ; Clock ; Rise       ; lpm_shiftreg0:inst|lpm_shiftreg:LPM_SHIFTREG_component|dffs[31] ;
; 0.234  ; 0.500        ; 0.266          ; Low Pulse Width  ; Clock ; Rise       ; lpm_shiftreg0:inst|lpm_shiftreg:LPM_SHIFTREG_component|dffs[31] ;
; 0.234  ; 0.500        ; 0.266          ; High Pulse Width ; Clock ; Rise       ; lpm_shiftreg0:inst|lpm_shiftreg:LPM_SHIFTREG_component|dffs[32] ;
; 0.234  ; 0.500        ; 0.266          ; Low Pulse Width  ; Clock ; Rise       ; lpm_shiftreg0:inst|lpm_shiftreg:LPM_SHIFTREG_component|dffs[32] ;
; 0.234  ; 0.500        ; 0.266          ; High Pulse Width ; Clock ; Rise       ; lpm_shiftreg0:inst|lpm_shiftreg:LPM_SHIFTREG_component|dffs[33] ;
; 0.234  ; 0.500        ; 0.266          ; Low Pulse Width  ; Clock ; Rise       ; lpm_shiftreg0:inst|lpm_shiftreg:LPM_SHIFTREG_component|dffs[33] ;
; 0.234  ; 0.500        ; 0.266          ; High Pulse Width ; Clock ; Rise       ; lpm_shiftreg0:inst|lpm_shiftreg:LPM_SHIFTREG_component|dffs[34] ;
; 0.234  ; 0.500        ; 0.266          ; Low Pulse Width  ; Clock ; Rise       ; lpm_shiftreg0:inst|lpm_shiftreg:LPM_SHIFTREG_component|dffs[34] ;
; 0.234  ; 0.500        ; 0.266          ; High Pulse Width ; Clock ; Rise       ; lpm_shiftreg0:inst|lpm_shiftreg:LPM_SHIFTREG_component|dffs[35] ;
; 0.234  ; 0.500        ; 0.266          ; Low Pulse Width  ; Clock ; Rise       ; lpm_shiftreg0:inst|lpm_shiftreg:LPM_SHIFTREG_component|dffs[35] ;
; 0.234  ; 0.500        ; 0.266          ; High Pulse Width ; Clock ; Rise       ; lpm_shiftreg0:inst|lpm_shiftreg:LPM_SHIFTREG_component|dffs[36] ;
; 0.234  ; 0.500        ; 0.266          ; Low Pulse Width  ; Clock ; Rise       ; lpm_shiftreg0:inst|lpm_shiftreg:LPM_SHIFTREG_component|dffs[36] ;
; 0.234  ; 0.500        ; 0.266          ; High Pulse Width ; Clock ; Rise       ; lpm_shiftreg0:inst|lpm_shiftreg:LPM_SHIFTREG_component|dffs[37] ;
; 0.234  ; 0.500        ; 0.266          ; Low Pulse Width  ; Clock ; Rise       ; lpm_shiftreg0:inst|lpm_shiftreg:LPM_SHIFTREG_component|dffs[37] ;
; 0.234  ; 0.500        ; 0.266          ; High Pulse Width ; Clock ; Rise       ; lpm_shiftreg0:inst|lpm_shiftreg:LPM_SHIFTREG_component|dffs[38] ;
; 0.234  ; 0.500        ; 0.266          ; Low Pulse Width  ; Clock ; Rise       ; lpm_shiftreg0:inst|lpm_shiftreg:LPM_SHIFTREG_component|dffs[38] ;
; 0.234  ; 0.500        ; 0.266          ; High Pulse Width ; Clock ; Rise       ; lpm_shiftreg0:inst|lpm_shiftreg:LPM_SHIFTREG_component|dffs[39] ;
; 0.234  ; 0.500        ; 0.266          ; Low Pulse Width  ; Clock ; Rise       ; lpm_shiftreg0:inst|lpm_shiftreg:LPM_SHIFTREG_component|dffs[39] ;
; 0.234  ; 0.500        ; 0.266          ; High Pulse Width ; Clock ; Rise       ; lpm_shiftreg0:inst|lpm_shiftreg:LPM_SHIFTREG_component|dffs[3]  ;
; 0.234  ; 0.500        ; 0.266          ; Low Pulse Width  ; Clock ; Rise       ; lpm_shiftreg0:inst|lpm_shiftreg:LPM_SHIFTREG_component|dffs[3]  ;
; 0.234  ; 0.500        ; 0.266          ; High Pulse Width ; Clock ; Rise       ; lpm_shiftreg0:inst|lpm_shiftreg:LPM_SHIFTREG_component|dffs[40] ;
; 0.234  ; 0.500        ; 0.266          ; Low Pulse Width  ; Clock ; Rise       ; lpm_shiftreg0:inst|lpm_shiftreg:LPM_SHIFTREG_component|dffs[40] ;
; 0.234  ; 0.500        ; 0.266          ; High Pulse Width ; Clock ; Rise       ; lpm_shiftreg0:inst|lpm_shiftreg:LPM_SHIFTREG_component|dffs[41] ;
; 0.234  ; 0.500        ; 0.266          ; Low Pulse Width  ; Clock ; Rise       ; lpm_shiftreg0:inst|lpm_shiftreg:LPM_SHIFTREG_component|dffs[41] ;
; 0.234  ; 0.500        ; 0.266          ; High Pulse Width ; Clock ; Rise       ; lpm_shiftreg0:inst|lpm_shiftreg:LPM_SHIFTREG_component|dffs[42] ;
; 0.234  ; 0.500        ; 0.266          ; Low Pulse Width  ; Clock ; Rise       ; lpm_shiftreg0:inst|lpm_shiftreg:LPM_SHIFTREG_component|dffs[42] ;
; 0.234  ; 0.500        ; 0.266          ; High Pulse Width ; Clock ; Rise       ; lpm_shiftreg0:inst|lpm_shiftreg:LPM_SHIFTREG_component|dffs[43] ;
; 0.234  ; 0.500        ; 0.266          ; Low Pulse Width  ; Clock ; Rise       ; lpm_shiftreg0:inst|lpm_shiftreg:LPM_SHIFTREG_component|dffs[43] ;
; 0.234  ; 0.500        ; 0.266          ; High Pulse Width ; Clock ; Rise       ; lpm_shiftreg0:inst|lpm_shiftreg:LPM_SHIFTREG_component|dffs[44] ;
; 0.234  ; 0.500        ; 0.266          ; Low Pulse Width  ; Clock ; Rise       ; lpm_shiftreg0:inst|lpm_shiftreg:LPM_SHIFTREG_component|dffs[44] ;
; 0.234  ; 0.500        ; 0.266          ; High Pulse Width ; Clock ; Rise       ; lpm_shiftreg0:inst|lpm_shiftreg:LPM_SHIFTREG_component|dffs[45] ;
; 0.234  ; 0.500        ; 0.266          ; Low Pulse Width  ; Clock ; Rise       ; lpm_shiftreg0:inst|lpm_shiftreg:LPM_SHIFTREG_component|dffs[45] ;
; 0.234  ; 0.500        ; 0.266          ; High Pulse Width ; Clock ; Rise       ; lpm_shiftreg0:inst|lpm_shiftreg:LPM_SHIFTREG_component|dffs[46] ;
; 0.234  ; 0.500        ; 0.266          ; Low Pulse Width  ; Clock ; Rise       ; lpm_shiftreg0:inst|lpm_shiftreg:LPM_SHIFTREG_component|dffs[46] ;
; 0.234  ; 0.500        ; 0.266          ; High Pulse Width ; Clock ; Rise       ; lpm_shiftreg0:inst|lpm_shiftreg:LPM_SHIFTREG_component|dffs[47] ;
; 0.234  ; 0.500        ; 0.266          ; Low Pulse Width  ; Clock ; Rise       ; lpm_shiftreg0:inst|lpm_shiftreg:LPM_SHIFTREG_component|dffs[47] ;
; 0.234  ; 0.500        ; 0.266          ; High Pulse Width ; Clock ; Rise       ; lpm_shiftreg0:inst|lpm_shiftreg:LPM_SHIFTREG_component|dffs[48] ;
; 0.234  ; 0.500        ; 0.266          ; Low Pulse Width  ; Clock ; Rise       ; lpm_shiftreg0:inst|lpm_shiftreg:LPM_SHIFTREG_component|dffs[48] ;
; 0.234  ; 0.500        ; 0.266          ; High Pulse Width ; Clock ; Rise       ; lpm_shiftreg0:inst|lpm_shiftreg:LPM_SHIFTREG_component|dffs[49] ;
; 0.234  ; 0.500        ; 0.266          ; Low Pulse Width  ; Clock ; Rise       ; lpm_shiftreg0:inst|lpm_shiftreg:LPM_SHIFTREG_component|dffs[49] ;
; 0.234  ; 0.500        ; 0.266          ; High Pulse Width ; Clock ; Rise       ; lpm_shiftreg0:inst|lpm_shiftreg:LPM_SHIFTREG_component|dffs[4]  ;
; 0.234  ; 0.500        ; 0.266          ; Low Pulse Width  ; Clock ; Rise       ; lpm_shiftreg0:inst|lpm_shiftreg:LPM_SHIFTREG_component|dffs[4]  ;
; 0.234  ; 0.500        ; 0.266          ; High Pulse Width ; Clock ; Rise       ; lpm_shiftreg0:inst|lpm_shiftreg:LPM_SHIFTREG_component|dffs[5]  ;
; 0.234  ; 0.500        ; 0.266          ; Low Pulse Width  ; Clock ; Rise       ; lpm_shiftreg0:inst|lpm_shiftreg:LPM_SHIFTREG_component|dffs[5]  ;
; 0.234  ; 0.500        ; 0.266          ; High Pulse Width ; Clock ; Rise       ; lpm_shiftreg0:inst|lpm_shiftreg:LPM_SHIFTREG_component|dffs[6]  ;
; 0.234  ; 0.500        ; 0.266          ; Low Pulse Width  ; Clock ; Rise       ; lpm_shiftreg0:inst|lpm_shiftreg:LPM_SHIFTREG_component|dffs[6]  ;
; 0.234  ; 0.500        ; 0.266          ; High Pulse Width ; Clock ; Rise       ; lpm_shiftreg0:inst|lpm_shiftreg:LPM_SHIFTREG_component|dffs[7]  ;
; 0.234  ; 0.500        ; 0.266          ; Low Pulse Width  ; Clock ; Rise       ; lpm_shiftreg0:inst|lpm_shiftreg:LPM_SHIFTREG_component|dffs[7]  ;
; 0.234  ; 0.500        ; 0.266          ; High Pulse Width ; Clock ; Rise       ; lpm_shiftreg0:inst|lpm_shiftreg:LPM_SHIFTREG_component|dffs[8]  ;
; 0.234  ; 0.500        ; 0.266          ; Low Pulse Width  ; Clock ; Rise       ; lpm_shiftreg0:inst|lpm_shiftreg:LPM_SHIFTREG_component|dffs[8]  ;
; 0.234  ; 0.500        ; 0.266          ; High Pulse Width ; Clock ; Rise       ; lpm_shiftreg0:inst|lpm_shiftreg:LPM_SHIFTREG_component|dffs[9]  ;
+--------+--------------+----------------+------------------+-------+------------+-----------------------------------------------------------------+


+-----------------------------------------------------------------------+
; Setup Times                                                           ;
+-----------+------------+-------+-------+------------+-----------------+
; Data Port ; Clock Port ; Rise  ; Fall  ; Clock Edge ; Clock Reference ;
+-----------+------------+-------+-------+------------+-----------------+
; Data      ; Clock      ; 2.576 ; 2.576 ; Rise       ; Clock           ;
; SClear    ; Clock      ; 4.163 ; 4.163 ; Rise       ; Clock           ;
+-----------+------------+-------+-------+------------+-----------------+


+-------------------------------------------------------------------------+
; Hold Times                                                              ;
+-----------+------------+--------+--------+------------+-----------------+
; Data Port ; Clock Port ; Rise   ; Fall   ; Clock Edge ; Clock Reference ;
+-----------+------------+--------+--------+------------+-----------------+
; Data      ; Clock      ; -2.022 ; -2.022 ; Rise       ; Clock           ;
; SClear    ; Clock      ; -2.038 ; -2.038 ; Rise       ; Clock           ;
+-----------+------------+--------+--------+------------+-----------------+


+---------------------------------------------------------------------------+
; Clock to Output Times                                                     ;
+-------------+------------+--------+--------+------------+-----------------+
; Data Port   ; Clock Port ; Rise   ; Fall   ; Clock Edge ; Clock Reference ;
+-------------+------------+--------+--------+------------+-----------------+
; output[*]   ; Clock      ; 10.178 ; 10.178 ; Rise       ; Clock           ;
;  output[0]  ; Clock      ; 8.399  ; 8.399  ; Rise       ; Clock           ;
;  output[1]  ; Clock      ; 8.383  ; 8.383  ; Rise       ; Clock           ;
;  output[2]  ; Clock      ; 7.806  ; 7.806  ; Rise       ; Clock           ;
;  output[3]  ; Clock      ; 8.358  ; 8.358  ; Rise       ; Clock           ;
;  output[4]  ; Clock      ; 8.581  ; 8.581  ; Rise       ; Clock           ;
;  output[5]  ; Clock      ; 7.803  ; 7.803  ; Rise       ; Clock           ;
;  output[6]  ; Clock      ; 7.806  ; 7.806  ; Rise       ; Clock           ;
;  output[7]  ; Clock      ; 9.007  ; 9.007  ; Rise       ; Clock           ;
;  output[8]  ; Clock      ; 8.973  ; 8.973  ; Rise       ; Clock           ;
;  output[9]  ; Clock      ; 9.497  ; 9.497  ; Rise       ; Clock           ;
;  output[10] ; Clock      ; 8.504  ; 8.504  ; Rise       ; Clock           ;
;  output[11] ; Clock      ; 9.071  ; 9.071  ; Rise       ; Clock           ;
;  output[12] ; Clock      ; 7.153  ; 7.153  ; Rise       ; Clock           ;
;  output[13] ; Clock      ; 8.234  ; 8.234  ; Rise       ; Clock           ;
;  output[14] ; Clock      ; 8.729  ; 8.729  ; Rise       ; Clock           ;
;  output[15] ; Clock      ; 8.246  ; 8.246  ; Rise       ; Clock           ;
;  output[16] ; Clock      ; 8.776  ; 8.776  ; Rise       ; Clock           ;
;  output[17] ; Clock      ; 8.314  ; 8.314  ; Rise       ; Clock           ;
;  output[18] ; Clock      ; 9.018  ; 9.018  ; Rise       ; Clock           ;
;  output[19] ; Clock      ; 8.902  ; 8.902  ; Rise       ; Clock           ;
;  output[20] ; Clock      ; 8.327  ; 8.327  ; Rise       ; Clock           ;
;  output[21] ; Clock      ; 8.850  ; 8.850  ; Rise       ; Clock           ;
;  output[22] ; Clock      ; 8.414  ; 8.414  ; Rise       ; Clock           ;
;  output[23] ; Clock      ; 8.322  ; 8.322  ; Rise       ; Clock           ;
;  output[24] ; Clock      ; 8.440  ; 8.440  ; Rise       ; Clock           ;
;  output[25] ; Clock      ; 9.427  ; 9.427  ; Rise       ; Clock           ;
;  output[26] ; Clock      ; 8.570  ; 8.570  ; Rise       ; Clock           ;
;  output[27] ; Clock      ; 8.987  ; 8.987  ; Rise       ; Clock           ;
;  output[28] ; Clock      ; 8.622  ; 8.622  ; Rise       ; Clock           ;
;  output[29] ; Clock      ; 10.178 ; 10.178 ; Rise       ; Clock           ;
;  output[30] ; Clock      ; 8.219  ; 8.219  ; Rise       ; Clock           ;
;  output[31] ; Clock      ; 8.967  ; 8.967  ; Rise       ; Clock           ;
;  output[32] ; Clock      ; 8.972  ; 8.972  ; Rise       ; Clock           ;
;  output[33] ; Clock      ; 8.448  ; 8.448  ; Rise       ; Clock           ;
;  output[34] ; Clock      ; 8.436  ; 8.436  ; Rise       ; Clock           ;
;  output[35] ; Clock      ; 8.992  ; 8.992  ; Rise       ; Clock           ;
;  output[36] ; Clock      ; 9.023  ; 9.023  ; Rise       ; Clock           ;
;  output[37] ; Clock      ; 8.980  ; 8.980  ; Rise       ; Clock           ;
;  output[38] ; Clock      ; 8.829  ; 8.829  ; Rise       ; Clock           ;
;  output[39] ; Clock      ; 8.344  ; 8.344  ; Rise       ; Clock           ;
;  output[40] ; Clock      ; 9.918  ; 9.918  ; Rise       ; Clock           ;
;  output[41] ; Clock      ; 8.906  ; 8.906  ; Rise       ; Clock           ;
;  output[42] ; Clock      ; 8.522  ; 8.522  ; Rise       ; Clock           ;
;  output[43] ; Clock      ; 9.091  ; 9.091  ; Rise       ; Clock           ;
;  output[44] ; Clock      ; 8.347  ; 8.347  ; Rise       ; Clock           ;
;  output[45] ; Clock      ; 9.193  ; 9.193  ; Rise       ; Clock           ;
;  output[46] ; Clock      ; 9.051  ; 9.051  ; Rise       ; Clock           ;
;  output[47] ; Clock      ; 9.630  ; 9.630  ; Rise       ; Clock           ;
;  output[48] ; Clock      ; 9.744  ; 9.744  ; Rise       ; Clock           ;
;  output[49] ; Clock      ; 8.471  ; 8.471  ; Rise       ; Clock           ;
+-------------+------------+--------+--------+------------+-----------------+


+---------------------------------------------------------------------------+
; Minimum Clock to Output Times                                             ;
+-------------+------------+--------+--------+------------+-----------------+
; Data Port   ; Clock Port ; Rise   ; Fall   ; Clock Edge ; Clock Reference ;
+-------------+------------+--------+--------+------------+-----------------+
; output[*]   ; Clock      ; 7.153  ; 7.153  ; Rise       ; Clock           ;
;  output[0]  ; Clock      ; 8.399  ; 8.399  ; Rise       ; Clock           ;
;  output[1]  ; Clock      ; 8.383  ; 8.383  ; Rise       ; Clock           ;
;  output[2]  ; Clock      ; 7.806  ; 7.806  ; Rise       ; Clock           ;
;  output[3]  ; Clock      ; 8.358  ; 8.358  ; Rise       ; Clock           ;
;  output[4]  ; Clock      ; 8.581  ; 8.581  ; Rise       ; Clock           ;
;  output[5]  ; Clock      ; 7.803  ; 7.803  ; Rise       ; Clock           ;
;  output[6]  ; Clock      ; 7.806  ; 7.806  ; Rise       ; Clock           ;
;  output[7]  ; Clock      ; 9.007  ; 9.007  ; Rise       ; Clock           ;
;  output[8]  ; Clock      ; 8.973  ; 8.973  ; Rise       ; Clock           ;
;  output[9]  ; Clock      ; 9.497  ; 9.497  ; Rise       ; Clock           ;
;  output[10] ; Clock      ; 8.504  ; 8.504  ; Rise       ; Clock           ;
;  output[11] ; Clock      ; 9.071  ; 9.071  ; Rise       ; Clock           ;
;  output[12] ; Clock      ; 7.153  ; 7.153  ; Rise       ; Clock           ;
;  output[13] ; Clock      ; 8.234  ; 8.234  ; Rise       ; Clock           ;
;  output[14] ; Clock      ; 8.729  ; 8.729  ; Rise       ; Clock           ;
;  output[15] ; Clock      ; 8.246  ; 8.246  ; Rise       ; Clock           ;
;  output[16] ; Clock      ; 8.776  ; 8.776  ; Rise       ; Clock           ;
;  output[17] ; Clock      ; 8.314  ; 8.314  ; Rise       ; Clock           ;
;  output[18] ; Clock      ; 9.018  ; 9.018  ; Rise       ; Clock           ;
;  output[19] ; Clock      ; 8.902  ; 8.902  ; Rise       ; Clock           ;
;  output[20] ; Clock      ; 8.327  ; 8.327  ; Rise       ; Clock           ;
;  output[21] ; Clock      ; 8.850  ; 8.850  ; Rise       ; Clock           ;
;  output[22] ; Clock      ; 8.414  ; 8.414  ; Rise       ; Clock           ;
;  output[23] ; Clock      ; 8.322  ; 8.322  ; Rise       ; Clock           ;
;  output[24] ; Clock      ; 8.440  ; 8.440  ; Rise       ; Clock           ;
;  output[25] ; Clock      ; 9.427  ; 9.427  ; Rise       ; Clock           ;
;  output[26] ; Clock      ; 8.570  ; 8.570  ; Rise       ; Clock           ;
;  output[27] ; Clock      ; 8.987  ; 8.987  ; Rise       ; Clock           ;
;  output[28] ; Clock      ; 8.622  ; 8.622  ; Rise       ; Clock           ;
;  output[29] ; Clock      ; 10.178 ; 10.178 ; Rise       ; Clock           ;
;  output[30] ; Clock      ; 8.219  ; 8.219  ; Rise       ; Clock           ;
;  output[31] ; Clock      ; 8.967  ; 8.967  ; Rise       ; Clock           ;
;  output[32] ; Clock      ; 8.972  ; 8.972  ; Rise       ; Clock           ;
;  output[33] ; Clock      ; 8.448  ; 8.448  ; Rise       ; Clock           ;
;  output[34] ; Clock      ; 8.436  ; 8.436  ; Rise       ; Clock           ;
;  output[35] ; Clock      ; 8.992  ; 8.992  ; Rise       ; Clock           ;
;  output[36] ; Clock      ; 9.023  ; 9.023  ; Rise       ; Clock           ;
;  output[37] ; Clock      ; 8.980  ; 8.980  ; Rise       ; Clock           ;
;  output[38] ; Clock      ; 8.829  ; 8.829  ; Rise       ; Clock           ;
;  output[39] ; Clock      ; 8.344  ; 8.344  ; Rise       ; Clock           ;
;  output[40] ; Clock      ; 9.918  ; 9.918  ; Rise       ; Clock           ;
;  output[41] ; Clock      ; 8.906  ; 8.906  ; Rise       ; Clock           ;
;  output[42] ; Clock      ; 8.522  ; 8.522  ; Rise       ; Clock           ;
;  output[43] ; Clock      ; 9.091  ; 9.091  ; Rise       ; Clock           ;
;  output[44] ; Clock      ; 8.347  ; 8.347  ; Rise       ; Clock           ;
;  output[45] ; Clock      ; 9.193  ; 9.193  ; Rise       ; Clock           ;
;  output[46] ; Clock      ; 9.051  ; 9.051  ; Rise       ; Clock           ;
;  output[47] ; Clock      ; 9.630  ; 9.630  ; Rise       ; Clock           ;
;  output[48] ; Clock      ; 9.744  ; 9.744  ; Rise       ; Clock           ;
;  output[49] ; Clock      ; 8.471  ; 8.471  ; Rise       ; Clock           ;
+-------------+------------+--------+--------+------------+-----------------+


+-------------------------------------------------------------------+
; Setup Transfers                                                   ;
+------------+----------+----------+----------+----------+----------+
; From Clock ; To Clock ; RR Paths ; FR Paths ; RF Paths ; FF Paths ;
+------------+----------+----------+----------+----------+----------+
; Clock      ; Clock    ; 49       ; 0        ; 0        ; 0        ;
+------------+----------+----------+----------+----------+----------+
Entries labeled "false path" only account for clock-to-clock false paths and not path-based false paths. As a result, actual path counts may be lower than reported.


+-------------------------------------------------------------------+
; Hold Transfers                                                    ;
+------------+----------+----------+----------+----------+----------+
; From Clock ; To Clock ; RR Paths ; FR Paths ; RF Paths ; FF Paths ;
+------------+----------+----------+----------+----------+----------+
; Clock      ; Clock    ; 49       ; 0        ; 0        ; 0        ;
+------------+----------+----------+----------+----------+----------+
Entries labeled "false path" only account for clock-to-clock false paths and not path-based false paths. As a result, actual path counts may be lower than reported.


---------------
; Report TCCS ;
---------------
No dedicated SERDES Transmitter circuitry present in device or used in design


---------------
; Report RSKM ;
---------------
No dedicated SERDES Receiver circuitry present in device or used in design


+------------------------------------------------+
; Unconstrained Paths                            ;
+---------------------------------+-------+------+
; Property                        ; Setup ; Hold ;
+---------------------------------+-------+------+
; Illegal Clocks                  ; 0     ; 0    ;
; Unconstrained Clocks            ; 0     ; 0    ;
; Unconstrained Input Ports       ; 2     ; 2    ;
; Unconstrained Input Port Paths  ; 51    ; 51   ;
; Unconstrained Output Ports      ; 50    ; 50   ;
; Unconstrained Output Port Paths ; 50    ; 50   ;
+---------------------------------+-------+------+


+------------------------------------+
; TimeQuest Timing Analyzer Messages ;
+------------------------------------+
Info: *******************************************************************
Info: Running Quartus II 32-bit TimeQuest Timing Analyzer
    Info: Version 11.1 Build 216 11/23/2011 Service Pack 1 SJ Web Edition
    Info: Processing started: Sun Jan 01 16:44:42 2012
Info: Command: quartus_sta 50bit_shift_register -c 50bit_shift_register
Info: qsta_default_script.tcl version: #1
Warning (20028): Parallel compilation is not licensed and has been disabled
Info (21077): Low junction temperature is 0 degrees C
Info (21077): High junction temperature is 85 degrees C
Info (306004): Started post-fitting delay annotation
Info (306005): Delay annotation completed successfully
Critical Warning (332012): Synopsys Design Constraints File file not found: '50bit_shift_register.sdc'. A Synopsys Design Constraints File is required by the TimeQuest Timing Analyzer to get proper timing constraints. Without it, the Compiler will not properly optimize the design.
Info (332142): No user constrained base clocks found in the design. Calling "derive_clocks -period 1.0"
Info (332105): Deriving Clocks
    Info (332105): create_clock -period 1.000 -name Clock Clock
Info: Found TIMEQUEST_REPORT_SCRIPT_INCLUDE_DEFAULT_ANALYSIS = ON
Critical Warning (332148): Timing requirements not met
Info (332146): Worst-case setup slack is -2.942
    Info (332119):     Slack End Point TNS Clock 
    Info (332119): ========= ============= =====================
    Info (332119):    -2.942       -73.591 Clock 
Info (332146): Worst-case hold slack is 1.650
    Info (332119):     Slack End Point TNS Clock 
    Info (332119): ========= ============= =====================
    Info (332119):     1.650         0.000 Clock 
Info (332140): No Recovery paths to report
Info (332140): No Removal paths to report
Info (332146): Worst-case minimum pulse width slack is -2.289
    Info (332119):     Slack End Point TNS Clock 
    Info (332119): ========= ============= =====================
    Info (332119):    -2.289        -2.289 Clock 
Info (332001): The selected device family is not supported by the report_metastability command.
Info (332102): Design is not fully constrained for setup requirements
Info (332102): Design is not fully constrained for hold requirements
Info: Quartus II 32-bit TimeQuest Timing Analyzer was successful. 0 errors, 3 warnings
    Info: Peak virtual memory: 206 megabytes
    Info: Processing ended: Sun Jan 01 16:44:48 2012
    Info: Elapsed time: 00:00:06
    Info: Total CPU time (on all processors): 00:00:02


